This is pdfTeX, Version 3.14159265-2.6-1.40.18 (TeX Live 2017) (preloaded format=pdflatex 2018.10.7)  17 SEP 2019 19:58
entering extended mode
 restricted \write18 enabled.
 %&-line parsing enabled.
**Beispiel.tex
(./Beispiel.tex
LaTeX2e <2017-04-15>
Babel <3.9r> and hyphenation patterns for 77 language(s) loaded.
(/usr/share/texlive/texmf-dist/tex/latex/beamer/beamer.cls
(/usr/share/texlive/texmf-dist/tex/latex/beamer/beamerbasercs.sty
Package: beamerbasercs 2015/03/08 (rcs-revision 368aa9ba9d38)
)
Document Class: beamer 2015/01/05 3.36 A class for typesetting presentations (r
cs-revision 8a39122e1f63)
(/usr/share/texlive/texmf-dist/tex/latex/beamer/beamerbasemodes.sty
Package: beamerbasemodes 2013/09/03 (rcs-revision 768f2d98ca64)
\beamer@tempbox=\box26
\beamer@tempcount=\count79
\c@beamerpauses=\count80

(/usr/share/texlive/texmf-dist/tex/latex/beamer/beamerbasedecode.sty
Package: beamerbasedecode 2010/05/01 (rcs-revision efa082c6111d)
\beamer@slideinframe=\count81
\beamer@minimum=\count82
)
\beamer@commentbox=\box27
\beamer@modecount=\count83
)
(/usr/share/texlive/texmf-dist/tex/generic/oberdiek/ifpdf.sty
Package: ifpdf 2017/03/15 v3.2 Provides the ifpdf switch
)
\headheight=\dimen102
\headdp=\dimen103
\footheight=\dimen104
\sidebarheight=\dimen105
\beamer@tempdim=\dimen106
\beamer@finalheight=\dimen107
\beamer@animht=\dimen108
\beamer@animdp=\dimen109
\beamer@animwd=\dimen110
\beamer@leftmargin=\dimen111
\beamer@rightmargin=\dimen112
\beamer@leftsidebar=\dimen113
\beamer@rightsidebar=\dimen114
\beamer@boxsize=\dimen115
\beamer@vboxoffset=\dimen116
\beamer@descdefault=\dimen117
\beamer@descriptionwidth=\dimen118
\beamer@lastskip=\skip41
\beamer@areabox=\box28
\beamer@animcurrent=\box29
\beamer@animshowbox=\box30
\beamer@sectionbox=\box31
\beamer@logobox=\box32
\beamer@linebox=\box33
\beamer@sectioncount=\count84
\beamer@subsubsectionmax=\count85
\beamer@subsectionmax=\count86
\beamer@sectionmax=\count87
\beamer@totalheads=\count88
\beamer@headcounter=\count89
\beamer@partstartpage=\count90
\beamer@sectionstartpage=\count91
\beamer@subsectionstartpage=\count92
\beamer@animationtempa=\count93
\beamer@animationtempb=\count94
\beamer@xpos=\count95
\beamer@ypos=\count96
\beamer@showpartnumber=\count97
\beamer@currentsubsection=\count98
\beamer@coveringdepth=\count99
\beamer@sectionadjust=\count100
\beamer@tocsectionnumber=\count101

(/usr/share/texlive/texmf-dist/tex/latex/beamer/beamerbaseoptions.sty
Package: beamerbaseoptions 2013/03/10 (rcs-revision 47431932db0d)

(/usr/share/texlive/texmf-dist/tex/latex/graphics/keyval.sty
Package: keyval 2014/10/28 v1.15 key=value parser (DPC)
\KV@toks@=\toks14
))
\beamer@paperwidth=\skip42
\beamer@paperheight=\skip43

(/usr/share/texlive/texmf-dist/tex/latex/geometry/geometry.sty
Package: geometry 2010/09/12 v5.6 Page Geometry

(/usr/share/texlive/texmf-dist/tex/generic/oberdiek/ifvtex.sty
Package: ifvtex 2016/05/16 v1.6 Detect VTeX and its facilities (HO)
Package ifvtex Info: VTeX not detected.
)
(/usr/share/texlive/texmf-dist/tex/generic/ifxetex/ifxetex.sty
Package: ifxetex 2010/09/12 v0.6 Provides ifxetex conditional
)
\Gm@cnth=\count102
\Gm@cntv=\count103
\c@Gm@tempcnt=\count104
\Gm@bindingoffset=\dimen119
\Gm@wd@mp=\dimen120
\Gm@odd@mp=\dimen121
\Gm@even@mp=\dimen122
\Gm@layoutwidth=\dimen123
\Gm@layoutheight=\dimen124
\Gm@layouthoffset=\dimen125
\Gm@layoutvoffset=\dimen126
\Gm@dimlist=\toks15
)
(/usr/share/texlive/texmf-dist/tex/latex/base/size11.clo
File: size11.clo 2014/09/29 v1.4h Standard LaTeX file (size option)
)
(/usr/share/texlive/texmf-dist/tex/latex/pgf/basiclayer/pgfcore.sty
(/usr/share/texlive/texmf-dist/tex/latex/graphics/graphicx.sty
Package: graphicx 2014/10/28 v1.0g Enhanced LaTeX Graphics (DPC,SPQR)

(/usr/share/texlive/texmf-dist/tex/latex/graphics/graphics.sty
Package: graphics 2016/05/09 v1.0r Standard LaTeX Graphics (DPC,SPQR)

(/usr/share/texlive/texmf-dist/tex/latex/graphics/trig.sty
Package: trig 2016/01/03 v1.10 sin cos tan (DPC)
)
(/usr/share/texlive/texmf-dist/tex/latex/graphics-cfg/graphics.cfg
File: graphics.cfg 2016/01/02 v1.10 sample graphics configuration
)
Package graphics Info: Driver file: pdftex.def on input line 96.

(/usr/share/texlive/texmf-dist/tex/latex/graphics-def/pdftex.def
File: pdftex.def 2016/07/10 v0.06j Graphics/color for pdfTeX

(/usr/share/texlive/texmf-dist/tex/generic/oberdiek/infwarerr.sty
Package: infwarerr 2016/05/16 v1.4 Providing info/warning/error messages (HO)
)
(/usr/share/texlive/texmf-dist/tex/generic/oberdiek/ltxcmds.sty
Package: ltxcmds 2016/05/16 v1.23 LaTeX kernel commands for general use (HO)
)
\Gread@gobject=\count105
))
\Gin@req@height=\dimen127
\Gin@req@width=\dimen128
)
(/usr/share/texlive/texmf-dist/tex/latex/pgf/systemlayer/pgfsys.sty
(/usr/share/texlive/texmf-dist/tex/latex/pgf/utilities/pgfrcs.sty
(/usr/share/texlive/texmf-dist/tex/generic/pgf/utilities/pgfutil-common.tex
\pgfutil@everybye=\toks16
\pgfutil@tempdima=\dimen129
\pgfutil@tempdimb=\dimen130

(/usr/share/texlive/texmf-dist/tex/generic/pgf/utilities/pgfutil-common-lists.t
ex)) (/usr/share/texlive/texmf-dist/tex/generic/pgf/utilities/pgfutil-latex.def
\pgfutil@abb=\box34
(/usr/share/texlive/texmf-dist/tex/latex/ms/everyshi.sty
Package: everyshi 2001/05/15 v3.00 EveryShipout Package (MS)
))
(/usr/share/texlive/texmf-dist/tex/generic/pgf/utilities/pgfrcs.code.tex
Package: pgfrcs 2015/08/07 v3.0.1a (rcs-revision 1.31)
))
(/usr/share/texlive/texmf-dist/tex/generic/pgf/systemlayer/pgfsys.code.tex
Package: pgfsys 2014/07/09 v3.0.1a (rcs-revision 1.48)

(/usr/share/texlive/texmf-dist/tex/generic/pgf/utilities/pgfkeys.code.tex
\pgfkeys@pathtoks=\toks17
\pgfkeys@temptoks=\toks18

(/usr/share/texlive/texmf-dist/tex/generic/pgf/utilities/pgfkeysfiltered.code.t
ex
\pgfkeys@tmptoks=\toks19
))
\pgf@x=\dimen131
\pgf@y=\dimen132
\pgf@xa=\dimen133
\pgf@ya=\dimen134
\pgf@xb=\dimen135
\pgf@yb=\dimen136
\pgf@xc=\dimen137
\pgf@yc=\dimen138
\w@pgf@writea=\write3
\r@pgf@reada=\read1
\c@pgf@counta=\count106
\c@pgf@countb=\count107
\c@pgf@countc=\count108
\c@pgf@countd=\count109
\t@pgf@toka=\toks20
\t@pgf@tokb=\toks21
\t@pgf@tokc=\toks22
 (/usr/share/texlive/texmf-dist/tex/generic/pgf/systemlayer/pgf.cfg
File: pgf.cfg 2008/05/14  (rcs-revision 1.7)
)
Driver file for pgf: pgfsys-pdftex.def

(/usr/share/texlive/texmf-dist/tex/generic/pgf/systemlayer/pgfsys-pdftex.def
File: pgfsys-pdftex.def 2014/10/11  (rcs-revision 1.35)

(/usr/share/texlive/texmf-dist/tex/generic/pgf/systemlayer/pgfsys-common-pdf.de
f
File: pgfsys-common-pdf.def 2013/10/10  (rcs-revision 1.13)
)))
(/usr/share/texlive/texmf-dist/tex/generic/pgf/systemlayer/pgfsyssoftpath.code.
tex
File: pgfsyssoftpath.code.tex 2013/09/09  (rcs-revision 1.9)
\pgfsyssoftpath@smallbuffer@items=\count110
\pgfsyssoftpath@bigbuffer@items=\count111
)
(/usr/share/texlive/texmf-dist/tex/generic/pgf/systemlayer/pgfsysprotocol.code.
tex
File: pgfsysprotocol.code.tex 2006/10/16  (rcs-revision 1.4)
)) (/usr/share/texlive/texmf-dist/tex/latex/xcolor/xcolor.sty
Package: xcolor 2016/05/11 v2.12 LaTeX color extensions (UK)

(/usr/share/texlive/texmf-dist/tex/latex/graphics-cfg/color.cfg
File: color.cfg 2016/01/02 v1.6 sample color configuration
)
Package xcolor Info: Driver file: pdftex.def on input line 225.
Package xcolor Info: Model `cmy' substituted by `cmy0' on input line 1348.
Package xcolor Info: Model `hsb' substituted by `rgb' on input line 1352.
Package xcolor Info: Model `RGB' extended on input line 1364.
Package xcolor Info: Model `HTML' substituted by `rgb' on input line 1366.
Package xcolor Info: Model `Hsb' substituted by `hsb' on input line 1367.
Package xcolor Info: Model `tHsb' substituted by `hsb' on input line 1368.
Package xcolor Info: Model `HSB' substituted by `hsb' on input line 1369.
Package xcolor Info: Model `Gray' substituted by `gray' on input line 1370.
Package xcolor Info: Model `wave' substituted by `hsb' on input line 1371.
)
(/usr/share/texlive/texmf-dist/tex/generic/pgf/basiclayer/pgfcore.code.tex
Package: pgfcore 2010/04/11 v3.0.1a (rcs-revision 1.7)

(/usr/share/texlive/texmf-dist/tex/generic/pgf/math/pgfmath.code.tex
(/usr/share/texlive/texmf-dist/tex/generic/pgf/math/pgfmathcalc.code.tex
(/usr/share/texlive/texmf-dist/tex/generic/pgf/math/pgfmathutil.code.tex)
(/usr/share/texlive/texmf-dist/tex/generic/pgf/math/pgfmathparser.code.tex
\pgfmath@dimen=\dimen139
\pgfmath@count=\count112
\pgfmath@box=\box35
\pgfmath@toks=\toks23
\pgfmath@stack@operand=\toks24
\pgfmath@stack@operation=\toks25
)
(/usr/share/texlive/texmf-dist/tex/generic/pgf/math/pgfmathfunctions.code.tex
(/usr/share/texlive/texmf-dist/tex/generic/pgf/math/pgfmathfunctions.basic.code
.tex)
(/usr/share/texlive/texmf-dist/tex/generic/pgf/math/pgfmathfunctions.trigonomet
ric.code.tex)
(/usr/share/texlive/texmf-dist/tex/generic/pgf/math/pgfmathfunctions.random.cod
e.tex)
(/usr/share/texlive/texmf-dist/tex/generic/pgf/math/pgfmathfunctions.comparison
.code.tex)
(/usr/share/texlive/texmf-dist/tex/generic/pgf/math/pgfmathfunctions.base.code.
tex)
(/usr/share/texlive/texmf-dist/tex/generic/pgf/math/pgfmathfunctions.round.code
.tex)
(/usr/share/texlive/texmf-dist/tex/generic/pgf/math/pgfmathfunctions.misc.code.
tex)
(/usr/share/texlive/texmf-dist/tex/generic/pgf/math/pgfmathfunctions.integerari
thmetics.code.tex)))
(/usr/share/texlive/texmf-dist/tex/generic/pgf/math/pgfmathfloat.code.tex
\c@pgfmathroundto@lastzeros=\count113
))
(/usr/share/texlive/texmf-dist/tex/generic/pgf/basiclayer/pgfcorepoints.code.te
x
File: pgfcorepoints.code.tex 2013/10/07  (rcs-revision 1.27)
\pgf@picminx=\dimen140
\pgf@picmaxx=\dimen141
\pgf@picminy=\dimen142
\pgf@picmaxy=\dimen143
\pgf@pathminx=\dimen144
\pgf@pathmaxx=\dimen145
\pgf@pathminy=\dimen146
\pgf@pathmaxy=\dimen147
\pgf@xx=\dimen148
\pgf@xy=\dimen149
\pgf@yx=\dimen150
\pgf@yy=\dimen151
\pgf@zx=\dimen152
\pgf@zy=\dimen153
)
(/usr/share/texlive/texmf-dist/tex/generic/pgf/basiclayer/pgfcorepathconstruct.
code.tex
File: pgfcorepathconstruct.code.tex 2013/10/07  (rcs-revision 1.29)
\pgf@path@lastx=\dimen154
\pgf@path@lasty=\dimen155
)
(/usr/share/texlive/texmf-dist/tex/generic/pgf/basiclayer/pgfcorepathusage.code
.tex
File: pgfcorepathusage.code.tex 2014/11/02  (rcs-revision 1.24)
\pgf@shorten@end@additional=\dimen156
\pgf@shorten@start@additional=\dimen157
)
(/usr/share/texlive/texmf-dist/tex/generic/pgf/basiclayer/pgfcorescopes.code.te
x
File: pgfcorescopes.code.tex 2015/05/08  (rcs-revision 1.46)
\pgfpic=\box36
\pgf@hbox=\box37
\pgf@layerbox@main=\box38
\pgf@picture@serial@count=\count114
)
(/usr/share/texlive/texmf-dist/tex/generic/pgf/basiclayer/pgfcoregraphicstate.c
ode.tex
File: pgfcoregraphicstate.code.tex 2014/11/02  (rcs-revision 1.12)
\pgflinewidth=\dimen158
)
(/usr/share/texlive/texmf-dist/tex/generic/pgf/basiclayer/pgfcoretransformation
s.code.tex
File: pgfcoretransformations.code.tex 2015/08/07  (rcs-revision 1.20)
\pgf@pt@x=\dimen159
\pgf@pt@y=\dimen160
\pgf@pt@temp=\dimen161
)
(/usr/share/texlive/texmf-dist/tex/generic/pgf/basiclayer/pgfcorequick.code.tex
File: pgfcorequick.code.tex 2008/10/09  (rcs-revision 1.3)
)
(/usr/share/texlive/texmf-dist/tex/generic/pgf/basiclayer/pgfcoreobjects.code.t
ex
File: pgfcoreobjects.code.tex 2006/10/11  (rcs-revision 1.2)
)
(/usr/share/texlive/texmf-dist/tex/generic/pgf/basiclayer/pgfcorepathprocessing
.code.tex
File: pgfcorepathprocessing.code.tex 2013/09/09  (rcs-revision 1.9)
)
(/usr/share/texlive/texmf-dist/tex/generic/pgf/basiclayer/pgfcorearrows.code.te
x
File: pgfcorearrows.code.tex 2015/05/14  (rcs-revision 1.43)
\pgfarrowsep=\dimen162
)
(/usr/share/texlive/texmf-dist/tex/generic/pgf/basiclayer/pgfcoreshade.code.tex
File: pgfcoreshade.code.tex 2013/07/15  (rcs-revision 1.15)
\pgf@max=\dimen163
\pgf@sys@shading@range@num=\count115
)
(/usr/share/texlive/texmf-dist/tex/generic/pgf/basiclayer/pgfcoreimage.code.tex
File: pgfcoreimage.code.tex 2013/07/15  (rcs-revision 1.18)

(/usr/share/texlive/texmf-dist/tex/generic/pgf/basiclayer/pgfcoreexternal.code.
tex
File: pgfcoreexternal.code.tex 2014/07/09  (rcs-revision 1.21)
\pgfexternal@startupbox=\box39
))
(/usr/share/texlive/texmf-dist/tex/generic/pgf/basiclayer/pgfcorelayers.code.te
x
File: pgfcorelayers.code.tex 2013/07/18  (rcs-revision 1.7)
)
(/usr/share/texlive/texmf-dist/tex/generic/pgf/basiclayer/pgfcoretransparency.c
ode.tex
File: pgfcoretransparency.code.tex 2013/09/30  (rcs-revision 1.5)
)
(/usr/share/texlive/texmf-dist/tex/generic/pgf/basiclayer/pgfcorepatterns.code.
tex
File: pgfcorepatterns.code.tex 2013/11/07  (rcs-revision 1.5)
))) (/usr/share/texlive/texmf-dist/tex/latex/pgf/utilities/xxcolor.sty
Package: xxcolor 2003/10/24 ver 0.1
\XC@nummixins=\count116
\XC@countmixins=\count117
)
(/usr/share/texlive/texmf-dist/tex/generic/oberdiek/atbegshi.sty
Package: atbegshi 2016/06/09 v1.18 At begin shipout hook (HO)
)
(/usr/share/texlive/texmf-dist/tex/latex/hyperref/hyperref.sty
Package: hyperref 2018/02/06 v6.86b Hypertext links for LaTeX

(/usr/share/texlive/texmf-dist/tex/generic/oberdiek/hobsub-hyperref.sty
Package: hobsub-hyperref 2016/05/16 v1.14 Bundle oberdiek, subset hyperref (HO)


(/usr/share/texlive/texmf-dist/tex/generic/oberdiek/hobsub-generic.sty
Package: hobsub-generic 2016/05/16 v1.14 Bundle oberdiek, subset generic (HO)
Package: hobsub 2016/05/16 v1.14 Construct package bundles (HO)
Package hobsub Info: Skipping package `infwarerr' (already loaded).
Package hobsub Info: Skipping package `ltxcmds' (already loaded).
Package: ifluatex 2016/05/16 v1.4 Provides the ifluatex switch (HO)
Package ifluatex Info: LuaTeX not detected.
Package hobsub Info: Skipping package `ifvtex' (already loaded).
Package: intcalc 2016/05/16 v1.2 Expandable calculations with integers (HO)
Package hobsub Info: Skipping package `ifpdf' (already loaded).
Package: etexcmds 2016/05/16 v1.6 Avoid name clashes with e-TeX commands (HO)
Package etexcmds Info: Could not find \expanded.
(etexcmds)             That can mean that you are not using pdfTeX 1.50 or
(etexcmds)             that some package has redefined \expanded.
(etexcmds)             In the latter case, load this package earlier.
Package: kvsetkeys 2016/05/16 v1.17 Key value parser (HO)
Package: kvdefinekeys 2016/05/16 v1.4 Define keys (HO)
Package: pdftexcmds 2017/03/19 v0.25 Utility functions of pdfTeX for LuaTeX (HO
)
Package pdftexcmds Info: LuaTeX not detected.
Package pdftexcmds Info: \pdf@primitive is available.
Package pdftexcmds Info: \pdf@ifprimitive is available.
Package pdftexcmds Info: \pdfdraftmode found.
Package: pdfescape 2016/05/16 v1.14 Implements pdfTeX's escape features (HO)
Package: bigintcalc 2016/05/16 v1.4 Expandable calculations on big integers (HO
)
Package: bitset 2016/05/16 v1.2 Handle bit-vector datatype (HO)
Package: uniquecounter 2016/05/16 v1.3 Provide unlimited unique counter (HO)
)
Package hobsub Info: Skipping package `hobsub' (already loaded).
Package: letltxmacro 2016/05/16 v1.5 Let assignment for LaTeX macros (HO)
Package: hopatch 2016/05/16 v1.3 Wrapper for package hooks (HO)
Package: xcolor-patch 2016/05/16 xcolor patch
Package: atveryend 2016/05/16 v1.9 Hooks at the very end of document (HO)
Package atveryend Info: \enddocument detected (standard20110627).
Package hobsub Info: Skipping package `atbegshi' (already loaded).
Package: refcount 2016/05/16 v3.5 Data extraction from label references (HO)
Package: hycolor 2016/05/16 v1.8 Color options for hyperref/bookmark (HO)
)
(/usr/share/texlive/texmf-dist/tex/latex/oberdiek/auxhook.sty
Package: auxhook 2016/05/16 v1.4 Hooks for auxiliary files (HO)
)
(/usr/share/texlive/texmf-dist/tex/latex/oberdiek/kvoptions.sty
Package: kvoptions 2016/05/16 v3.12 Key value format for package options (HO)
)
\@linkdim=\dimen164
\Hy@linkcounter=\count118
\Hy@pagecounter=\count119

(/usr/share/texlive/texmf-dist/tex/latex/hyperref/pd1enc.def
File: pd1enc.def 2018/02/06 v6.86b Hyperref: PDFDocEncoding definition (HO)
)
\Hy@SavedSpaceFactor=\count120

(/usr/share/texlive/texmf-dist/tex/latex/latexconfig/hyperref.cfg
File: hyperref.cfg 2002/06/06 v1.2 hyperref configuration of TeXLive
)
Package hyperref Info: Option `bookmarks' set `true' on input line 4383.
Package hyperref Info: Option `bookmarksopen' set `true' on input line 4383.
Package hyperref Info: Option `implicit' set `false' on input line 4383.
Package hyperref Info: Hyper figures OFF on input line 4509.
Package hyperref Info: Link nesting OFF on input line 4514.
Package hyperref Info: Hyper index ON on input line 4517.
Package hyperref Info: Plain pages OFF on input line 4524.
Package hyperref Info: Backreferencing OFF on input line 4529.
Package hyperref Info: Implicit mode OFF; no redefinition of LaTeX internals.
Package hyperref Info: Bookmarks ON on input line 4762.
\c@Hy@tempcnt=\count121

(/usr/share/texlive/texmf-dist/tex/latex/url/url.sty
\Urlmuskip=\muskip10
Package: url 2013/09/16  ver 3.4  Verb mode for urls, etc.
)
LaTeX Info: Redefining \url on input line 5115.
\XeTeXLinkMargin=\dimen165
\Fld@menulength=\count122
\Field@Width=\dimen166
\Fld@charsize=\dimen167
Package hyperref Info: Hyper figures OFF on input line 6369.
Package hyperref Info: Link nesting OFF on input line 6374.
Package hyperref Info: Hyper index ON on input line 6377.
Package hyperref Info: backreferencing OFF on input line 6384.
Package hyperref Info: Link coloring OFF on input line 6389.
Package hyperref Info: Link coloring with OCG OFF on input line 6394.
Package hyperref Info: PDF/A mode OFF on input line 6399.
LaTeX Info: Redefining \ref on input line 6439.
LaTeX Info: Redefining \pageref on input line 6443.
\Hy@abspage=\count123


Package hyperref Message: Stopped early.

)
Package hyperref Info: Driver (autodetected): hpdftex.
 (/usr/share/texlive/texmf-dist/tex/latex/hyperref/hpdftex.def
File: hpdftex.def 2018/02/06 v6.86b Hyperref driver for pdfTeX
\Fld@listcount=\count124
\c@bookmark@seq@number=\count125

(/usr/share/texlive/texmf-dist/tex/latex/oberdiek/rerunfilecheck.sty
Package: rerunfilecheck 2016/05/16 v1.8 Rerun checks for auxiliary files (HO)
Package uniquecounter Info: New unique counter `rerunfilecheck' on input line 2
82.
))
(/usr/share/texlive/texmf-dist/tex/latex/beamer/beamerbaserequires.sty
Package: beamerbaserequires 2010/05/01  (rcs-revision efa082c6111d)

(/usr/share/texlive/texmf-dist/tex/latex/beamer/beamerbasecompatibility.sty
Package: beamerbasecompatibility 2012/05/01  (rcs-revision 67c48b3b652d)
)
(/usr/share/texlive/texmf-dist/tex/latex/beamer/beamerbasefont.sty
Package: beamerbasefont 2015/01/05  (rcs-revision b4b4bee242e2)

(/usr/share/texlive/texmf-dist/tex/latex/amsfonts/amssymb.sty
Package: amssymb 2013/01/14 v3.01 AMS font symbols

(/usr/share/texlive/texmf-dist/tex/latex/amsfonts/amsfonts.sty
Package: amsfonts 2013/01/14 v3.01 Basic AMSFonts support
\@emptytoks=\toks26
\symAMSa=\mathgroup4
\symAMSb=\mathgroup5
LaTeX Font Info:    Overwriting math alphabet `\mathfrak' in version `bold'
(Font)                  U/euf/m/n --> U/euf/b/n on input line 106.
))
(/usr/share/texlive/texmf-dist/tex/latex/sansmathaccent/sansmathaccent.sty
Package: sansmathaccent 2013/03/28

(/usr/share/texlive/texmf-dist/tex/latex/filehook/filehook.sty
Package: filehook 2011/10/12 v0.5d Hooks for input files
)))
(/usr/share/texlive/texmf-dist/tex/latex/beamer/beamerbasetranslator.sty
Package: beamerbasetranslator 2010/06/11  (rcs-revision 85fd1cc7fc42)

(/usr/share/texlive/texmf-dist/tex/latex/beamer/translator/translator.sty
Package: translator 2010/06/12 ver 1.10

(/usr/share/texlive/texmf-dist/tex/latex/beamer/translator/translator-language-
mappings.tex)))
(/usr/share/texlive/texmf-dist/tex/latex/beamer/beamerbasemisc.sty
Package: beamerbasemisc 2013/09/03  (rcs-revision a55719c41d85)
)
(/usr/share/texlive/texmf-dist/tex/latex/beamer/beamerbasetwoscreens.sty
Package: beamerbasetwoscreens 2010/05/01  (rcs-revision efa082c6111d)
)
(/usr/share/texlive/texmf-dist/tex/latex/beamer/beamerbaseoverlay.sty
Package: beamerbaseoverlay 2013/12/25  (rcs-revision f6bd5e3805da)
\beamer@argscount=\count126
\beamer@lastskipcover=\skip44
\beamer@trivlistdepth=\count127
)
(/usr/share/texlive/texmf-dist/tex/latex/beamer/beamerbasetitle.sty
Package: beamerbasetitle 2010/09/21  (rcs-revision f0446ed0b6ae)
)
(/usr/share/texlive/texmf-dist/tex/latex/beamer/beamerbasesection.sty
Package: beamerbasesection 2013/06/07  (rcs-revision 60b9fe0f342f)
\c@lecture=\count128
\c@part=\count129
\c@section=\count130
\c@subsection=\count131
\c@subsubsection=\count132
)
(/usr/share/texlive/texmf-dist/tex/latex/beamer/beamerbaseframe.sty
Package: beamerbaseframe 2014/02/20  (rcs-revision 4b8ceeeff434)
\beamer@framebox=\box40
\beamer@frametitlebox=\box41
\beamer@zoombox=\box42
\beamer@zoomcount=\count133
\beamer@zoomframecount=\count134
\beamer@frametextheight=\dimen168
\c@subsectionslide=\count135
\beamer@frametopskip=\skip45
\beamer@framebottomskip=\skip46
\beamer@frametopskipautobreak=\skip47
\beamer@framebottomskipautobreak=\skip48
\beamer@envbody=\toks27
\framewidth=\dimen169
\c@framenumber=\count136
)
(/usr/share/texlive/texmf-dist/tex/latex/beamer/beamerbaseverbatim.sty
Package: beamerbaseverbatim 2015/01/05  (rcs-revision 431510bb5890)
\beamer@verbatimfileout=\write4
)
(/usr/share/texlive/texmf-dist/tex/latex/beamer/beamerbaseframesize.sty
Package: beamerbaseframesize 2011/09/12  (rcs-revision 70f9d8411e54)
\beamer@splitbox=\box43
\beamer@autobreakcount=\count137
\beamer@autobreaklastheight=\dimen170
\beamer@frametitletoks=\toks28
\beamer@framesubtitletoks=\toks29
)
(/usr/share/texlive/texmf-dist/tex/latex/beamer/beamerbaseframecomponents.sty
Package: beamerbaseframecomponents 2013/10/18  (rcs-revision 5cf6c5555a45)
\beamer@footins=\box44
)
(/usr/share/texlive/texmf-dist/tex/latex/beamer/beamerbasecolor.sty
Package: beamerbasecolor 2015/02/21  (rcs-revision d944b04ee2d5)
)
(/usr/share/texlive/texmf-dist/tex/latex/beamer/beamerbasenotes.sty
Package: beamerbasenotes 2012/12/19  (rcs-revision 1686da3db3c9)
\beamer@frameboxcopy=\box45
)
(/usr/share/texlive/texmf-dist/tex/latex/beamer/beamerbasetoc.sty
Package: beamerbasetoc 2015/03/08  (rcs-revision 7270298bbaae)
)
(/usr/share/texlive/texmf-dist/tex/latex/beamer/beamerbasetemplates.sty
Package: beamerbasetemplates 2010/05/01  (rcs-revision efa082c6111d)
\beamer@sbttoks=\toks30

(/usr/share/texlive/texmf-dist/tex/latex/beamer/beamerbaseauxtemplates.sty
Package: beamerbaseauxtemplates 2014/06/30  (rcs-revision 580088513a67)

(/usr/share/texlive/texmf-dist/tex/latex/beamer/beamerbaseboxes.sty
Package: beamerbaseboxes 2012/05/13  (rcs-revision 56972908a390)
\bmb@box=\box46
\bmb@colorbox=\box47
\bmb@boxshadow=\box48
\bmb@boxshadowball=\box49
\bmb@boxshadowballlarge=\box50
\bmb@temp=\dimen171
\bmb@dima=\dimen172
\bmb@dimb=\dimen173
\bmb@prevheight=\dimen174
)
\beamer@blockheadheight=\dimen175
))
(/usr/share/texlive/texmf-dist/tex/latex/beamer/beamerbaselocalstructure.sty
Package: beamerbaselocalstructure 2014/09/10  (rcs-revision 393f6dcff371)

(/usr/share/texlive/texmf-dist/tex/latex/tools/enumerate.sty
Package: enumerate 2015/07/23 v3.00 enumerate extensions (DPC)
\@enLab=\toks31
)
\c@figure=\count138
\c@table=\count139
\abovecaptionskip=\skip49
\belowcaptionskip=\skip50
)
(/usr/share/texlive/texmf-dist/tex/latex/beamer/beamerbasenavigation.sty
Package: beamerbasenavigation 2015/02/27  (rcs-revision 923f4bf87efa)
\beamer@section@min@dim=\dimen176
)
(/usr/share/texlive/texmf-dist/tex/latex/beamer/beamerbasetheorems.sty
Package: beamerbasetheorems 2010/06/06  (rcs-revision 7e7cc5e53e9d)

(/usr/share/texlive/texmf-dist/tex/latex/amsmath/amsmath.sty
Package: amsmath 2016/06/28 v2.15d AMS math features
\@mathmargin=\skip51

For additional information on amsmath, use the `?' option.
(/usr/share/texlive/texmf-dist/tex/latex/amsmath/amstext.sty
Package: amstext 2000/06/29 v2.01 AMS text

(/usr/share/texlive/texmf-dist/tex/latex/amsmath/amsgen.sty
File: amsgen.sty 1999/11/30 v2.0 generic functions
\@emptytoks=\toks32
\ex@=\dimen177
))
(/usr/share/texlive/texmf-dist/tex/latex/amsmath/amsbsy.sty
Package: amsbsy 1999/11/29 v1.2d Bold Symbols
\pmbraise@=\dimen178
)
(/usr/share/texlive/texmf-dist/tex/latex/amsmath/amsopn.sty
Package: amsopn 2016/03/08 v2.02 operator names
)
\inf@bad=\count140
LaTeX Info: Redefining \frac on input line 199.
\uproot@=\count141
\leftroot@=\count142
LaTeX Info: Redefining \overline on input line 297.
\classnum@=\count143
\DOTSCASE@=\count144
LaTeX Info: Redefining \ldots on input line 394.
LaTeX Info: Redefining \dots on input line 397.
LaTeX Info: Redefining \cdots on input line 518.
\Mathstrutbox@=\box51
\strutbox@=\box52
\big@size=\dimen179
LaTeX Font Info:    Redeclaring font encoding OML on input line 634.
LaTeX Font Info:    Redeclaring font encoding OMS on input line 635.
\macc@depth=\count145
\c@MaxMatrixCols=\count146
\dotsspace@=\muskip11
\c@parentequation=\count147
\dspbrk@lvl=\count148
\tag@help=\toks33
\row@=\count149
\column@=\count150
\maxfields@=\count151
\andhelp@=\toks34
\eqnshift@=\dimen180
\alignsep@=\dimen181
\tagshift@=\dimen182
\tagwidth@=\dimen183
\totwidth@=\dimen184
\lineht@=\dimen185
\@envbody=\toks35
\multlinegap=\skip52
\multlinetaggap=\skip53
\mathdisplay@stack=\toks36
LaTeX Info: Redefining \[ on input line 2739.
LaTeX Info: Redefining \] on input line 2740.
)
(/usr/share/texlive/texmf-dist/tex/latex/amscls/amsthm.sty
Package: amsthm 2015/03/04 v2.20.2
\thm@style=\toks37
\thm@bodyfont=\toks38
\thm@headfont=\toks39
\thm@notefont=\toks40
\thm@headpunct=\toks41
\thm@preskip=\skip54
\thm@postskip=\skip55
\thm@headsep=\skip56
\dth@everypar=\toks42
)
\c@theorem=\count152
)
(/usr/share/texlive/texmf-dist/tex/latex/beamer/beamerbasethemes.sty
Package: beamerbasethemes 2010/05/01  (rcs-revision efa082c6111d)
))
(/usr/share/texlive/texmf-dist/tex/latex/beamer/themes/theme/beamerthemedefault
.sty
Package: beamerthemedefault 2010/06/17  (rcs-revision d02a7cf4d8ae)

(/usr/share/texlive/texmf-dist/tex/latex/beamer/themes/font/beamerfontthemedefa
ult.sty
Package: beamerfontthemedefault 2012/12/19  (rcs-revision 1686da3db3c9)
)
(/usr/share/texlive/texmf-dist/tex/latex/beamer/themes/color/beamercolorthemede
fault.sty
Package: beamercolorthemedefault 2012/12/19  (rcs-revision 1686da3db3c9)
)
(/usr/share/texlive/texmf-dist/tex/latex/beamer/themes/inner/beamerinnerthemede
fault.sty
Package: beamerinnerthemedefault 2014/06/30  (rcs-revision 580088513a67)
\beamer@dima=\dimen186
\beamer@dimb=\dimen187
)
(/usr/share/texlive/texmf-dist/tex/latex/beamer/themes/outer/beamerouterthemede
fault.sty
Package: beamerouterthemedefault 2012/12/19  (rcs-revision 1686da3db3c9)
))) (/usr/share/texlive/texmf-dist/tex/generic/babel/babel.sty
Package: babel 2016/04/23 3.9r The Babel package

(/usr/share/texlive/texmf-dist/tex/generic/babel-german/ngerman.ldf
Language: ngerman 2013/12/13 v2.7 German support for babel (new orthography)

(/usr/share/texlive/texmf-dist/tex/generic/babel-german/ngermanb.ldf
Language: ngermanb 2013/12/13 v2.7 German support for babel (new orthography)

(/usr/share/texlive/texmf-dist/tex/generic/babel/babel.def
File: babel.def 2016/04/23 3.9r Babel common definitions
\babel@savecnt=\count153
\U@D=\dimen188
LaTeX Info: Redefining \textlatin on input line 1448.
)
\l@naustrian = a dialect from \language\l@ngerman 
\l@nswissgerman = a dialect from \language\l@ngerman 
Package babel Info: Making " an active character on input line 88.
)))
(/usr/share/texlive/texmf-dist/tex/latex/base/inputenc.sty
Package: inputenc 2015/03/17 v1.2c Input encoding file
\inpenc@prehook=\toks43
\inpenc@posthook=\toks44

(/usr/share/texlive/texmf-dist/tex/latex/base/latin1.def
File: latin1.def 2015/03/17 v1.2c Input encoding file
))
(/usr/share/texlive/texmf-dist/tex/latex/base/fontenc.sty
Package: fontenc 2017/04/05 v2.0i Standard LaTeX package

(/usr/share/texlive/texmf-dist/tex/latex/base/t1enc.def
File: t1enc.def 2017/04/05 v2.0i Standard LaTeX file
LaTeX Font Info:    Redeclaring font encoding T1 on input line 48.
))
(/usr/share/texlive/texmf-dist/tex/latex/lm/lmodern.sty
Package: lmodern 2009/10/30 v1.6 Latin Modern Fonts
LaTeX Font Info:    Overwriting symbol font `operators' in version `normal'
(Font)                  OT1/cmr/m/n --> OT1/lmr/m/n on input line 22.
LaTeX Font Info:    Overwriting symbol font `letters' in version `normal'
(Font)                  OML/cmm/m/it --> OML/lmm/m/it on input line 23.
LaTeX Font Info:    Overwriting symbol font `symbols' in version `normal'
(Font)                  OMS/cmsy/m/n --> OMS/lmsy/m/n on input line 24.
LaTeX Font Info:    Overwriting symbol font `largesymbols' in version `normal'
(Font)                  OMX/cmex/m/n --> OMX/lmex/m/n on input line 25.
LaTeX Font Info:    Overwriting symbol font `operators' in version `bold'
(Font)                  OT1/cmr/bx/n --> OT1/lmr/bx/n on input line 26.
LaTeX Font Info:    Overwriting symbol font `letters' in version `bold'
(Font)                  OML/cmm/b/it --> OML/lmm/b/it on input line 27.
LaTeX Font Info:    Overwriting symbol font `symbols' in version `bold'
(Font)                  OMS/cmsy/b/n --> OMS/lmsy/b/n on input line 28.
LaTeX Font Info:    Overwriting symbol font `largesymbols' in version `bold'
(Font)                  OMX/cmex/m/n --> OMX/lmex/m/n on input line 29.
LaTeX Font Info:    Overwriting math alphabet `\mathbf' in version `normal'
(Font)                  OT1/cmr/bx/n --> OT1/lmr/bx/n on input line 31.
LaTeX Font Info:    Overwriting math alphabet `\mathsf' in version `normal'
(Font)                  OT1/cmss/m/n --> OT1/lmss/m/n on input line 32.
LaTeX Font Info:    Overwriting math alphabet `\mathit' in version `normal'
(Font)                  OT1/cmr/m/it --> OT1/lmr/m/it on input line 33.
LaTeX Font Info:    Overwriting math alphabet `\mathtt' in version `normal'
(Font)                  OT1/cmtt/m/n --> OT1/lmtt/m/n on input line 34.
LaTeX Font Info:    Overwriting math alphabet `\mathbf' in version `bold'
(Font)                  OT1/cmr/bx/n --> OT1/lmr/bx/n on input line 35.
LaTeX Font Info:    Overwriting math alphabet `\mathsf' in version `bold'
(Font)                  OT1/cmss/bx/n --> OT1/lmss/bx/n on input line 36.
LaTeX Font Info:    Overwriting math alphabet `\mathit' in version `bold'
(Font)                  OT1/cmr/bx/it --> OT1/lmr/bx/it on input line 37.
LaTeX Font Info:    Overwriting math alphabet `\mathtt' in version `bold'
(Font)                  OT1/cmtt/m/n --> OT1/lmtt/m/n on input line 38.
)
(/usr/share/texlive/texmf-dist/tex/latex/pgf/frontendlayer/tikz.sty
(/usr/share/texlive/texmf-dist/tex/latex/pgf/basiclayer/pgf.sty
Package: pgf 2015/08/07 v3.0.1a (rcs-revision 1.15)

(/usr/share/texlive/texmf-dist/tex/generic/pgf/modules/pgfmoduleshapes.code.tex
File: pgfmoduleshapes.code.tex 2014/03/21  (rcs-revision 1.35)
\pgfnodeparttextbox=\box53
) (/usr/share/texlive/texmf-dist/tex/generic/pgf/modules/pgfmoduleplot.code.tex
File: pgfmoduleplot.code.tex 2015/08/03  (rcs-revision 1.13)
)
(/usr/share/texlive/texmf-dist/tex/latex/pgf/compatibility/pgfcomp-version-0-65
.sty
Package: pgfcomp-version-0-65 2007/07/03 v3.0.1a (rcs-revision 1.7)
\pgf@nodesepstart=\dimen189
\pgf@nodesepend=\dimen190
)
(/usr/share/texlive/texmf-dist/tex/latex/pgf/compatibility/pgfcomp-version-1-18
.sty
Package: pgfcomp-version-1-18 2007/07/23 v3.0.1a (rcs-revision 1.1)
)) (/usr/share/texlive/texmf-dist/tex/latex/pgf/utilities/pgffor.sty
(/usr/share/texlive/texmf-dist/tex/latex/pgf/utilities/pgfkeys.sty
(/usr/share/texlive/texmf-dist/tex/generic/pgf/utilities/pgfkeys.code.tex))
(/usr/share/texlive/texmf-dist/tex/latex/pgf/math/pgfmath.sty
(/usr/share/texlive/texmf-dist/tex/generic/pgf/math/pgfmath.code.tex))
(/usr/share/texlive/texmf-dist/tex/generic/pgf/utilities/pgffor.code.tex
Package: pgffor 2013/12/13 v3.0.1a (rcs-revision 1.25)

(/usr/share/texlive/texmf-dist/tex/generic/pgf/math/pgfmath.code.tex)
\pgffor@iter=\dimen191
\pgffor@skip=\dimen192
\pgffor@stack=\toks45
\pgffor@toks=\toks46
))
(/usr/share/texlive/texmf-dist/tex/generic/pgf/frontendlayer/tikz/tikz.code.tex
Package: tikz 2015/08/07 v3.0.1a (rcs-revision 1.151)

(/usr/share/texlive/texmf-dist/tex/generic/pgf/libraries/pgflibraryplothandlers
.code.tex
File: pgflibraryplothandlers.code.tex 2013/08/31 v3.0.1a (rcs-revision 1.20)
\pgf@plot@mark@count=\count154
\pgfplotmarksize=\dimen193
)
\tikz@lastx=\dimen194
\tikz@lasty=\dimen195
\tikz@lastxsaved=\dimen196
\tikz@lastysaved=\dimen197
\tikzleveldistance=\dimen198
\tikzsiblingdistance=\dimen199
\tikz@figbox=\box54
\tikz@figbox@bg=\box55
\tikz@tempbox=\box56
\tikz@tempbox@bg=\box57
\tikztreelevel=\count155
\tikznumberofchildren=\count156
\tikznumberofcurrentchild=\count157
\tikz@fig@count=\count158

(/usr/share/texlive/texmf-dist/tex/generic/pgf/modules/pgfmodulematrix.code.tex
File: pgfmodulematrix.code.tex 2013/09/17  (rcs-revision 1.8)
\pgfmatrixcurrentrow=\count159
\pgfmatrixcurrentcolumn=\count160
\pgf@matrix@numberofcolumns=\count161
)
\tikz@expandcount=\count162

(/usr/share/texlive/texmf-dist/tex/generic/pgf/frontendlayer/tikz/libraries/tik
zlibrarytopaths.code.tex
File: tikzlibrarytopaths.code.tex 2008/06/17 v3.0.1a (rcs-revision 1.2)
)))
(/usr/share/texlive/texmf-dist/tex/latex/pgfplots/pgfplots.sty
(/usr/share/texlive/texmf-dist/tex/generic/pgfplots/pgfplots.revision.tex)
Package: pgfplots 2016/01/06 v1.13 Data Visualization (1.13)

(/usr/share/texlive/texmf-dist/tex/generic/pgfplots/pgfplots.code.tex
(/usr/share/texlive/texmf-dist/tex/generic/pgfplots/pgfplotscore.code.tex
\t@pgfplots@toka=\toks47
\t@pgfplots@tokb=\toks48
\t@pgfplots@tokc=\toks49
\pgfplots@tmpa=\dimen256
\c@pgfplots@coordindex=\count163
\c@pgfplots@scanlineindex=\count164

(/usr/share/texlive/texmf-dist/tex/generic/pgfplots/sys/pgfplotssysgeneric.code
.tex))
(/usr/share/texlive/texmf-dist/tex/generic/pgfplots/libs/pgfplotslibrary.code.t
ex)
(/usr/share/texlive/texmf-dist/tex/generic/pgfplots/oldpgfcompatib/pgfplotsoldp
gfsupp_loader.code.tex
(/usr/share/texlive/texmf-dist/tex/generic/pgf/libraries/pgflibraryfpu.code.tex
)
Package pgfplots: loading complementary arithmetics for your pgf version...

(/usr/share/texlive/texmf-dist/tex/generic/pgfplots/oldpgfcompatib/pgfplotsoldp
gfsupp_pgflibraryfpu.code.tex)
(/usr/share/texlive/texmf-dist/tex/generic/pgfplots/oldpgfcompatib/pgfplotsoldp
gfsupp_pgfmathfloat.code.tex
\c@pgfmathroundto@lastzeros=\count165
))
(/usr/share/texlive/texmf-dist/tex/generic/pgfplots/util/pgfplotsutil.code.tex
(/usr/share/texlive/texmf-dist/tex/generic/pgfplots/liststructure/pgfplotslists
tructure.code.tex)
(/usr/share/texlive/texmf-dist/tex/generic/pgfplots/liststructure/pgfplotslists
tructureext.code.tex)
(/usr/share/texlive/texmf-dist/tex/generic/pgfplots/liststructure/pgfplotsarray
.code.tex
\c@pgfplotsarray@tmp=\count166
)
(/usr/share/texlive/texmf-dist/tex/generic/pgfplots/liststructure/pgfplotsmatri
x.code.tex)
(/usr/share/texlive/texmf-dist/tex/generic/pgfplots/numtable/pgfplotstableshare
d.code.tex
\c@pgfplotstable@counta=\count167
\t@pgfplotstable@a=\toks50
)
(/usr/share/texlive/texmf-dist/tex/generic/pgfplots/liststructure/pgfplotsdeque
.code.tex)
(/usr/share/texlive/texmf-dist/tex/generic/pgfplots/util/pgfplotsbinary.code.te
x
(/usr/share/texlive/texmf-dist/tex/generic/pgfplots/util/pgfplotsbinary.data.co
de.tex))
(/usr/share/texlive/texmf-dist/tex/generic/pgfplots/util/pgfplotsutil.verb.code
.tex)
(/usr/share/texlive/texmf-dist/tex/generic/pgfplots/libs/pgflibrarypgfplots.sur
fshading.code.tex
\c@pgfplotslibrarysurf@no=\count168

(/usr/share/texlive/texmf-dist/tex/generic/pgfplots/sys/pgflibrarypgfplots.surf
shading.pgfsys-pdftex.def)))
(/usr/share/texlive/texmf-dist/tex/generic/pgfplots/util/pgfplotscolormap.code.
tex
(/usr/share/texlive/texmf-dist/tex/generic/pgfplots/util/pgfplotscolor.code.tex
))
(/usr/share/texlive/texmf-dist/tex/generic/pgfplots/pgfplotsstackedplots.code.t
ex)
(/usr/share/texlive/texmf-dist/tex/generic/pgfplots/pgfplotsplothandlers.code.t
ex
(/usr/share/texlive/texmf-dist/tex/generic/pgfplots/pgfplotsmeshplothandler.cod
e.tex
(/usr/share/texlive/texmf-dist/tex/generic/pgfplots/pgfplotsmeshplotimage.code.
tex)))
(/usr/share/texlive/texmf-dist/tex/generic/pgfplots/pgfplots.scaling.code.tex)
(/usr/share/texlive/texmf-dist/tex/generic/pgfplots/pgfplotscoordprocessing.cod
e.tex)
(/usr/share/texlive/texmf-dist/tex/generic/pgfplots/pgfplots.errorbars.code.tex
) (/usr/share/texlive/texmf-dist/tex/generic/pgfplots/pgfplots.markers.code.tex
) (/usr/share/texlive/texmf-dist/tex/generic/pgfplots/pgfplotsticks.code.tex)
(/usr/share/texlive/texmf-dist/tex/generic/pgfplots/pgfplots.paths.code.tex)
(/usr/share/texlive/texmf-dist/tex/generic/pgf/frontendlayer/tikz/libraries/tik
zlibrarydecorations.code.tex
(/usr/share/texlive/texmf-dist/tex/generic/pgf/modules/pgfmoduledecorations.cod
e.tex
\pgfdecoratedcompleteddistance=\dimen257
\pgfdecoratedremainingdistance=\dimen258
\pgfdecoratedinputsegmentcompleteddistance=\dimen259
\pgfdecoratedinputsegmentremainingdistance=\dimen260
\pgf@decorate@distancetomove=\dimen261
\pgf@decorate@repeatstate=\count169
\pgfdecorationsegmentamplitude=\dimen262
\pgfdecorationsegmentlength=\dimen263
)
\tikz@lib@dec@box=\box58
)
(/usr/share/texlive/texmf-dist/tex/generic/pgf/frontendlayer/tikz/libraries/tik
zlibrarydecorations.pathmorphing.code.tex
(/usr/share/texlive/texmf-dist/tex/generic/pgf/libraries/decorations/pgflibrary
decorations.pathmorphing.code.tex))
(/usr/share/texlive/texmf-dist/tex/generic/pgf/frontendlayer/tikz/libraries/tik
zlibrarydecorations.pathreplacing.code.tex
(/usr/share/texlive/texmf-dist/tex/generic/pgf/libraries/decorations/pgflibrary
decorations.pathreplacing.code.tex))
\pgfplots@numplots=\count170
\pgfplots@xmin@reg=\dimen264
\pgfplots@xmax@reg=\dimen265
\pgfplots@ymin@reg=\dimen266
\pgfplots@ymax@reg=\dimen267
\pgfplots@zmin@reg=\dimen268
\pgfplots@zmax@reg=\dimen269
)
(/usr/share/texlive/texmf-dist/tex/generic/pgf/frontendlayer/tikz/libraries/tik
zlibraryplotmarks.code.tex
File: tikzlibraryplotmarks.code.tex 2008/01/09 v3.0.1a (rcs-revision 1.1)

(/usr/share/texlive/texmf-dist/tex/generic/pgf/libraries/pgflibraryplotmarks.co
de.tex
File: pgflibraryplotmarks.code.tex 2015/08/03 v3.0.1a (rcs-revision 1.14)
))) (/usr/share/texlive/texmf-dist/tex/latex/algorithms/algorithm.sty
Package: algorithm 2009/08/24 v0.1 Document Style `algorithm' - floating enviro
nment

(/usr/share/texlive/texmf-dist/tex/latex/float/float.sty
Package: float 2001/11/08 v1.3d Float enhancements (AL)
\c@float@type=\count171
\float@exts=\toks51
\float@box=\box59
\@float@everytoks=\toks52
\@floatcapt=\box60
)
(/usr/share/texlive/texmf-dist/tex/latex/base/ifthen.sty
Package: ifthen 2014/09/29 v1.1c Standard LaTeX ifthen package (DPC)
)
\@float@every@algorithm=\toks53
\c@algorithm=\count172
)
(/usr/share/texlive/texmf-dist/tex/latex/algorithms/algorithmic.sty
Package: algorithmic 2009/08/24 v0.1 Document Style `algorithmic'
\c@ALC@unique=\count173
\c@ALC@line=\count174
\c@ALC@rem=\count175
\c@ALC@depth=\count176
\ALC@tlm=\skip57
\algorithmicindent=\skip58
)
(./beamerthemevsis.sty (./beamerouterthemevsis.sty)
(/usr/share/texlive/texmf-dist/tex/latex/beamer/themes/inner/beamerinnerthemero
unded.sty
Package: beamerinnerthemerounded 2010/06/17  (rcs-revision d02a7cf4d8ae)
) (./beamerinnerthemevsis.sty) (./beamercolorthemevsis.sty))
(/usr/share/texlive/texmf-dist/tex/generic/pgf/frontendlayer/tikz/libraries/tik
zlibraryarrows.code.tex
File: tikzlibraryarrows.code.tex 2008/01/09 v3.0.1a (rcs-revision 1.1)

(/usr/share/texlive/texmf-dist/tex/generic/pgf/libraries/pgflibraryarrows.code.
tex
File: pgflibraryarrows.code.tex 2013/09/23 v3.0.1a (rcs-revision 1.16)
\arrowsize=\dimen270
))
(/usr/share/texlive/texmf-dist/tex/generic/pgf/frontendlayer/tikz/libraries/tik
zlibrarypositioning.code.tex
File: tikzlibrarypositioning.code.tex 2008/10/06 v3.0.1a (rcs-revision 1.7)
)
(/usr/share/texlive/texmf-dist/tex/generic/pgf/frontendlayer/tikz/libraries/tik
zlibraryfit.code.tex
File: tikzlibraryfit.code.tex 2013/07/12 v3.0.1a (rcs-revision 1.5)
)
(/usr/share/texlive/texmf-dist/tex/generic/pgf/frontendlayer/tikz/libraries/tik
zlibrarybackgrounds.code.tex
File: tikzlibrarybackgrounds.code.tex 2013/07/18 v3.0.1a (rcs-revision 1.3)
\pgf@layerbox@background=\box61
\pgf@layerboxsaved@background=\box62
)
(/usr/share/texlive/texmf-dist/tex/generic/pgf/frontendlayer/tikz/libraries/tik
zlibraryshapes.code.tex
File: tikzlibraryshapes.code.tex 2008/01/09 v3.0.1a (rcs-revision 1.1)

(/usr/share/texlive/texmf-dist/tex/generic/pgf/frontendlayer/tikz/libraries/tik
zlibraryshapes.geometric.code.tex
File: tikzlibraryshapes.geometric.code.tex 2008/01/09 v3.0.1a (rcs-revision 1.1
)

(/usr/share/texlive/texmf-dist/tex/generic/pgf/libraries/shapes/pgflibraryshape
s.geometric.code.tex
File: pgflibraryshapes.geometric.code.tex 2008/06/26 v3.0.1a (rcs-revision 1.1)

))
(/usr/share/texlive/texmf-dist/tex/generic/pgf/frontendlayer/tikz/libraries/tik
zlibraryshapes.misc.code.tex
File: tikzlibraryshapes.misc.code.tex 2008/01/09 v3.0.1a (rcs-revision 1.1)

(/usr/share/texlive/texmf-dist/tex/generic/pgf/libraries/shapes/pgflibraryshape
s.misc.code.tex
File: pgflibraryshapes.misc.code.tex 2013/07/18 v3.0.1a (rcs-revision 1.5)
))
(/usr/share/texlive/texmf-dist/tex/generic/pgf/frontendlayer/tikz/libraries/tik
zlibraryshapes.symbols.code.tex
File: tikzlibraryshapes.symbols.code.tex 2008/01/09 v3.0.1a (rcs-revision 1.1)

(/usr/share/texlive/texmf-dist/tex/generic/pgf/libraries/shapes/pgflibraryshape
s.symbols.code.tex
File: pgflibraryshapes.symbols.code.tex 2013/09/11 v3.0.1a (rcs-revision 1.6)
))
(/usr/share/texlive/texmf-dist/tex/generic/pgf/frontendlayer/tikz/libraries/tik
zlibraryshapes.arrows.code.tex
File: tikzlibraryshapes.arrows.code.tex 2008/01/09 v3.0.1a (rcs-revision 1.1)

(/usr/share/texlive/texmf-dist/tex/generic/pgf/libraries/shapes/pgflibraryshape
s.arrows.code.tex
File: pgflibraryshapes.arrows.code.tex 2008/06/26 v3.0.1a (rcs-revision 1.1)
))
(/usr/share/texlive/texmf-dist/tex/generic/pgf/frontendlayer/tikz/libraries/tik
zlibraryshapes.callouts.code.tex
(/usr/share/texlive/texmf-dist/tex/generic/pgf/libraries/shapes/pgflibraryshape
s.callouts.code.tex))
(/usr/share/texlive/texmf-dist/tex/generic/pgf/frontendlayer/tikz/libraries/tik
zlibraryshapes.multipart.code.tex
File: tikzlibraryshapes.multipart.code.tex 2008/01/09 v3.0.1a (rcs-revision 1.1
)

(/usr/share/texlive/texmf-dist/tex/generic/pgf/libraries/shapes/pgflibraryshape
s.multipart.code.tex
File: pgflibraryshapes.multipart.code.tex 2010/01/07 v3.0.1a (rcs-revision 1.2)

\pgfnodepartlowerbox=\box63
\pgfnodeparttwobox=\box64
\pgfnodepartthreebox=\box65
\pgfnodepartfourbox=\box66
\pgfnodeparttwentybox=\box67
\pgfnodepartnineteenbox=\box68
\pgfnodeparteighteenbox=\box69
\pgfnodepartseventeenbox=\box70
\pgfnodepartsixteenbox=\box71
\pgfnodepartfifteenbox=\box72
\pgfnodepartfourteenbox=\box73
\pgfnodepartthirteenbox=\box74
\pgfnodeparttwelvebox=\box75
\pgfnodepartelevenbox=\box76
\pgfnodeparttenbox=\box77
\pgfnodepartninebox=\box78
\pgfnodeparteightbox=\box79
\pgfnodepartsevenbox=\box80
\pgfnodepartsixbox=\box81
\pgfnodepartfivebox=\box82
)))

Package hyperref Warning: Token not allowed in a PDF string (PDFDocEncoding):
(hyperref)                removing `\\' on input line 47.

(./Beispiel.aux (./Einleitung.aux) (./Grundlagen.aux) (./IMR.aux)
(./Evaluierung.aux) (./Schluss.aux))
\openout1 = `Beispiel.aux'.

LaTeX Font Info:    Checking defaults for OML/cmm/m/it on input line 81.
LaTeX Font Info:    ... okay on input line 81.
LaTeX Font Info:    Checking defaults for T1/cmr/m/n on input line 81.
LaTeX Font Info:    ... okay on input line 81.
LaTeX Font Info:    Checking defaults for OT1/cmr/m/n on input line 81.
LaTeX Font Info:    ... okay on input line 81.
LaTeX Font Info:    Checking defaults for OMS/cmsy/m/n on input line 81.
LaTeX Font Info:    ... okay on input line 81.
LaTeX Font Info:    Checking defaults for OMX/cmex/m/n on input line 81.
LaTeX Font Info:    ... okay on input line 81.
LaTeX Font Info:    Checking defaults for U/cmr/m/n on input line 81.
LaTeX Font Info:    ... okay on input line 81.
LaTeX Font Info:    Checking defaults for PD1/pdf/m/n on input line 81.
LaTeX Font Info:    ... okay on input line 81.
LaTeX Font Info:    Try loading font information for T1+lmss on input line 81.

(/usr/share/texlive/texmf-dist/tex/latex/lm/t1lmss.fd
File: t1lmss.fd 2009/10/30 v1.6 Font defs for Latin Modern
)
*geometry* driver: auto-detecting
*geometry* detected driver: pdftex
*geometry* verbose mode - [ preamble ] result:
* driver: pdftex
* paper: custom
* layout: <same size as paper>
* layoutoffset:(h,v)=(0.0pt,0.0pt)
* modes: includehead includefoot 
* h-part:(L,W,R)=(14.22636pt, 335.74263pt, 14.22636pt)
* v-part:(T,H,B)=(0.0pt, 273.14662pt, 0.0pt)
* \paperwidth=364.19536pt
* \paperheight=273.14662pt
* \textwidth=335.74263pt
* \textheight=244.6939pt
* \oddsidemargin=-58.04362pt
* \evensidemargin=-58.04362pt
* \topmargin=-72.26999pt
* \headheight=14.22636pt
* \headsep=0.0pt
* \topskip=11.0pt
* \footskip=14.22636pt
* \marginparwidth=4.0pt
* \marginparsep=10.0pt
* \columnsep=10.0pt
* \skip\footins=10.0pt plus 4.0pt minus 2.0pt
* \hoffset=0.0pt
* \voffset=0.0pt
* \mag=1000
* \@twocolumnfalse
* \@twosidefalse
* \@mparswitchfalse
* \@reversemarginfalse
* (1in=72.27pt=25.4mm, 1cm=28.453pt)

(/usr/share/texlive/texmf-dist/tex/context/base/mkii/supp-pdf.mkii
[Loading MPS to PDF converter (version 2006.09.02).]
\scratchcounter=\count177
\scratchdimen=\dimen271
\scratchbox=\box83
\nofMPsegments=\count178
\nofMParguments=\count179
\everyMPshowfont=\toks54
\MPscratchCnt=\count180
\MPscratchDim=\dimen272
\MPnumerator=\count181
\makeMPintoPDFobject=\count182
\everyMPtoPDFconversion=\toks55
) (/usr/share/texlive/texmf-dist/tex/latex/oberdiek/epstopdf-base.sty
Package: epstopdf-base 2016/05/15 v2.6 Base part for package epstopdf

(/usr/share/texlive/texmf-dist/tex/latex/oberdiek/grfext.sty
Package: grfext 2016/05/16 v1.2 Manage graphics extensions (HO)
)
Package epstopdf-base Info: Redefining graphics rule for `.eps' on input line 4
38.
Package grfext Info: Graphics extension search list:
(grfext)             [.png,.pdf,.jpg,.mps,.jpeg,.jbig2,.jb2,.PNG,.PDF,.JPG,.JPE
G,.JBIG2,.JB2,.eps]
(grfext)             \AppendGraphicsExtensions on input line 456.

(/usr/share/texlive/texmf-dist/tex/latex/latexconfig/epstopdf-sys.cfg
File: epstopdf-sys.cfg 2010/07/13 v1.3 Configuration of (r)epstopdf for TeX Liv
e
))
ABD: EveryShipout initializing macros
\AtBeginShipoutBox=\box84
Package hyperref Info: Link coloring OFF on input line 81.

(/usr/share/texlive/texmf-dist/tex/latex/hyperref/nameref.sty
Package: nameref 2016/05/21 v2.44 Cross-referencing by name of section

(/usr/share/texlive/texmf-dist/tex/generic/oberdiek/gettitlestring.sty
Package: gettitlestring 2016/05/16 v1.5 Cleanup title references (HO)
)
\c@section@level=\count183
)
LaTeX Info: Redefining \ref on input line 81.
LaTeX Info: Redefining \pageref on input line 81.
LaTeX Info: Redefining \nameref on input line 81.

(./Beispiel.out) (./Beispiel.out)
\@outlinefile=\write5
\openout5 = `Beispiel.out'.

LaTeX Font Info:    Overwriting symbol font `operators' in version `normal'
(Font)                  OT1/lmr/m/n --> OT1/cmss/m/n on input line 81.
LaTeX Font Info:    Overwriting symbol font `operators' in version `bold'
(Font)                  OT1/lmr/bx/n --> OT1/cmss/bx/n on input line 81.
LaTeX Font Info:    Overwriting symbol font `operators' in version `normal'
(Font)                  OT1/cmss/m/n --> OT1/lmss/m/n on input line 81.
LaTeX Font Info:    Overwriting symbol font `operators' in version `bold'
(Font)                  OT1/cmss/bx/n --> OT1/lmss/bx/n on input line 81.
\symnumbers=\mathgroup6
\sympureletters=\mathgroup7
LaTeX Font Info:    Overwriting math alphabet `\mathrm' in version `normal'
(Font)                  OT1/lmss/m/n --> T1/lmr/m/n on input line 81.
LaTeX Font Info:    Redeclaring math alphabet \mathbf on input line 81.
LaTeX Font Info:    Overwriting math alphabet `\mathbf' in version `normal'
(Font)                  OT1/lmr/bx/n --> T1/lmss/bx/n on input line 81.
LaTeX Font Info:    Overwriting math alphabet `\mathbf' in version `bold'
(Font)                  OT1/lmr/bx/n --> T1/lmss/bx/n on input line 81.
LaTeX Font Info:    Redeclaring math alphabet \mathsf on input line 81.
LaTeX Font Info:    Overwriting math alphabet `\mathsf' in version `normal'
(Font)                  OT1/lmss/m/n --> T1/lmss/m/n on input line 81.
LaTeX Font Info:    Overwriting math alphabet `\mathsf' in version `bold'
(Font)                  OT1/lmss/bx/n --> T1/lmss/m/n on input line 81.
LaTeX Font Info:    Redeclaring math alphabet \mathit on input line 81.
LaTeX Font Info:    Overwriting math alphabet `\mathit' in version `normal'
(Font)                  OT1/lmr/m/it --> T1/lmss/m/it on input line 81.
LaTeX Font Info:    Overwriting math alphabet `\mathit' in version `bold'
(Font)                  OT1/lmr/bx/it --> T1/lmss/m/it on input line 81.
LaTeX Font Info:    Redeclaring math alphabet \mathtt on input line 81.
LaTeX Font Info:    Overwriting math alphabet `\mathtt' in version `normal'
(Font)                  OT1/lmtt/m/n --> T1/lmtt/m/n on input line 81.
LaTeX Font Info:    Overwriting math alphabet `\mathtt' in version `bold'
(Font)                  OT1/lmtt/m/n --> T1/lmtt/m/n on input line 81.
LaTeX Font Info:    Overwriting symbol font `numbers' in version `bold'
(Font)                  T1/lmss/m/n --> T1/lmss/bx/n on input line 81.
LaTeX Font Info:    Overwriting symbol font `pureletters' in version `bold'
(Font)                  T1/lmss/m/it --> T1/lmss/bx/it on input line 81.
LaTeX Font Info:    Overwriting math alphabet `\mathrm' in version `bold'
(Font)                  OT1/lmss/bx/n --> T1/lmr/bx/n on input line 81.
LaTeX Font Info:    Overwriting math alphabet `\mathbf' in version `bold'
(Font)                  T1/lmss/bx/n --> T1/lmss/bx/n on input line 81.
LaTeX Font Info:    Overwriting math alphabet `\mathsf' in version `bold'
(Font)                  T1/lmss/m/n --> T1/lmss/bx/n on input line 81.
LaTeX Font Info:    Overwriting math alphabet `\mathit' in version `bold'
(Font)                  T1/lmss/m/it --> T1/lmss/bx/it on input line 81.
LaTeX Font Info:    Overwriting math alphabet `\mathtt' in version `bold'
(Font)                  T1/lmtt/m/n --> T1/lmtt/bx/n on input line 81.

(/usr/share/texlive/texmf-dist/tex/latex/beamer/translator/dicts/translator-bas
ic-dictionary/translator-basic-dictionary-English.dict
Dictionary: translator-basic-dictionary, Language: English 
)
(/usr/share/texlive/texmf-dist/tex/latex/beamer/translator/dicts/translator-bib
liography-dictionary/translator-bibliography-dictionary-English.dict
Dictionary: translator-bibliography-dictionary, Language: English 
)
(/usr/share/texlive/texmf-dist/tex/latex/beamer/translator/dicts/translator-env
ironment-dictionary/translator-environment-dictionary-English.dict
Dictionary: translator-environment-dictionary, Language: English 
)
(/usr/share/texlive/texmf-dist/tex/latex/beamer/translator/dicts/translator-mon
ths-dictionary/translator-months-dictionary-English.dict
Dictionary: translator-months-dictionary, Language: English 
)
(/usr/share/texlive/texmf-dist/tex/latex/beamer/translator/dicts/translator-num
bers-dictionary/translator-numbers-dictionary-English.dict
Dictionary: translator-numbers-dictionary, Language: English 
)
(/usr/share/texlive/texmf-dist/tex/latex/beamer/translator/dicts/translator-the
orem-dictionary/translator-theorem-dictionary-English.dict
Dictionary: translator-theorem-dictionary, Language: English 
)
LaTeX Info: Redefining \includegraphics on input line 81.


Package pgfplots Warning: running in backwards compatibility mode (unsuitable t
ick labels; missing features). Consider writing \pgfplotsset{compat=1.13} into 
your preamble.
 on input line 81.

(./Beispiel.nav) <vsis.pdf, id=101, 774.57924pt x 774.62788pt>
File: vsis.pdf Graphic file (type pdf)
 <use vsis.pdf>
Package pdftex.def Info: vsis.pdf used on input line 81.
(pdftex.def)             Requested size: 22.75179pt x 22.75322pt.

<uhh.pdf, id=102, 96.36pt x 97.36375pt>
File: uhh.pdf Graphic file (type pdf)
 <use uhh.pdf>
Package pdftex.def Info: uhh.pdf used on input line 81.
(pdftex.def)             Requested size: 22.76222pt x 22.76163pt.

Overfull \hbox (14.22636pt too wide) in paragraph at lines 83--83
[]| []  
 []

File: vsis.pdf Graphic file (type pdf)
<use vsis.pdf>
Package pdftex.def Info: vsis.pdf used on input line 83.
(pdftex.def)             Requested size: 42.66699pt x 42.67912pt.
LaTeX Font Info:    Try loading font information for OT1+lmss on input line 83.

 (/usr/share/texlive/texmf-dist/tex/latex/lm/ot1lmss.fd
File: ot1lmss.fd 2009/10/30 v1.6 Font defs for Latin Modern
)
LaTeX Font Info:    Try loading font information for OML+lmm on input line 83.

(/usr/share/texlive/texmf-dist/tex/latex/lm/omllmm.fd
File: omllmm.fd 2009/10/30 v1.6 Font defs for Latin Modern
)
LaTeX Font Info:    Try loading font information for OMS+lmsy on input line 83.


(/usr/share/texlive/texmf-dist/tex/latex/lm/omslmsy.fd
File: omslmsy.fd 2009/10/30 v1.6 Font defs for Latin Modern
)
LaTeX Font Info:    Try loading font information for OMX+lmex on input line 83.


(/usr/share/texlive/texmf-dist/tex/latex/lm/omxlmex.fd
File: omxlmex.fd 2009/10/30 v1.6 Font defs for Latin Modern
)
LaTeX Font Info:    External font `lmex10' loaded for size
(Font)              <10.95> on input line 83.
LaTeX Font Info:    External font `lmex10' loaded for size
(Font)              <8> on input line 83.
LaTeX Font Info:    External font `lmex10' loaded for size
(Font)              <6> on input line 83.
LaTeX Font Info:    Try loading font information for U+msa on input line 83.

(/usr/share/texlive/texmf-dist/tex/latex/amsfonts/umsa.fd
File: umsa.fd 2013/01/14 v3.01 AMS symbols A
)
LaTeX Font Info:    Try loading font information for U+msb on input line 83.

(/usr/share/texlive/texmf-dist/tex/latex/amsfonts/umsb.fd
File: umsb.fd 2013/01/14 v3.01 AMS symbols B
)
LaTeX Font Info:    Font shape `T1/lmss/m/it' in size <10.95> not available
(Font)              Font shape `T1/lmss/m/sl' tried instead on input line 83.
LaTeX Font Info:    Font shape `T1/lmss/m/it' in size <8> not available
(Font)              Font shape `T1/lmss/m/sl' tried instead on input line 83.
LaTeX Font Info:    Font shape `T1/lmss/m/it' in size <6> not available
(Font)              Font shape `T1/lmss/m/sl' tried instead on input line 83.
File: uhh.pdf Graphic file (type pdf)
 <use uhh.pdf>
Package pdftex.def Info: uhh.pdf used on input line 83.
(pdftex.def)             Requested size: 42.23825pt x 42.67912pt.

Overfull \hbox (14.22636pt too wide) in paragraph at lines 83--83
[]| [][]  
 []

[1

{/usr/share/texlive/texmf-dist/fonts/map/pdftex/updmap/pdftex.map} <./vsis.pdf>
 <./uhh.pdf>] (./Beispiel.toc)
File: vsis.pdf Graphic file (type pdf)
 <use vsis.pdf>
Package pdftex.def Info: vsis.pdf used on input line 87.
(pdftex.def)             Requested size: 22.75179pt x 22.75322pt.
File: uhh.pdf Graphic file (type pdf)
 <use uhh.pdf>
Package pdftex.def Info: uhh.pdf used on input line 87.
(pdftex.def)             Requested size: 22.76222pt x 22.76163pt.
 [2

]
\openout2 = `Einleitung.aux'.


(./Einleitung.tex (./Beispiel.toc)
File: vsis.pdf Graphic file (type pdf)
 <use vsis.pdf>
Package pdftex.def Info: vsis.pdf used on input line 3.
(pdftex.def)             Requested size: 22.75179pt x 22.75322pt.
File: uhh.pdf Graphic file (type pdf)
 <use uhh.pdf>
Package pdftex.def Info: uhh.pdf used on input line 3.
(pdftex.def)             Requested size: 22.76222pt x 22.76163pt.
 [3


]
<GPS_Motivation_Example.png, id=409, 329.7921pt x 98.769pt>
File: GPS_Motivation_Example.png Graphic file (type png)

<use GPS_Motivation_Example.png>
Package pdftex.def Info: GPS_Motivation_Example.png used on input line 21.
(pdftex.def)             Requested size: 335.74263pt x 100.55313pt.

Overfull \vbox (9.31667pt too high) detected at line 21
 []

File: vsis.pdf Graphic file (type pdf)
<use vsis.pdf>
Package pdftex.def Info: vsis.pdf used on input line 21.
(pdftex.def)             Requested size: 22.75179pt x 22.75322pt.
File: uhh.pdf Graphic file (type pdf)
 <use uhh.pdf>
Package pdftex.def Info: uhh.pdf used on input line 21.
(pdftex.def)             Requested size: 22.76222pt x 22.76163pt.
 [4

 <./GPS_Motivation_Example.png>]
File: vsis.pdf Graphic file (type pdf)
 <use vsis.pdf>
Package pdftex.def Info: vsis.pdf used on input line 39.
(pdftex.def)             Requested size: 22.75179pt x 22.75322pt.
File: uhh.pdf Graphic file (type pdf)

<use uhh.pdf>
Package pdftex.def Info: uhh.pdf used on input line 39.
(pdftex.def)             Requested size: 22.76222pt x 22.76163pt.
 [5

]
<markierte_GPS_Motivation_Example.png, id=554, 329.7921pt x 98.769pt>
File: markierte_GPS_Motivation_Example.png Graphic file (type png)

<use markierte_GPS_Motivation_Example.png>
Package pdftex.def Info: markierte_GPS_Motivation_Example.png used on input lin
e 52.
(pdftex.def)             Requested size: 335.74263pt x 100.55313pt.
File: vsis.pdf Graphic file (type pdf)
 <use vsis.pdf>
Package pdftex.def Info: vsis.pdf used on input line 52.
(pdftex.def)             Requested size: 22.75179pt x 22.75322pt.
File: uhh.pdf Graphic file (type pdf)
 <use uhh.pdf>
Package pdftex.def Info: uhh.pdf used on input line 52.
(pdftex.def)             Requested size: 22.76222pt x 22.76163pt.

[6

 <./markierte_GPS_Motivation_Example.png>] (./Beispiel.toc)
File: vsis.pdf Graphic file (type pdf)
 <use vsis.pdf>
Package pdftex.def Info: vsis.pdf used on input line 56.
(pdftex.def)             Requested size: 22.75179pt x 22.75322pt.
File: uhh.pdf Graphic file (type pdf)

<use uhh.pdf>
Package pdftex.def Info: uhh.pdf used on input line 56.
(pdftex.def)             Requested size: 22.76222pt x 22.76163pt.
 [7

]
File: vsis.pdf Graphic file (type pdf)
 <use vsis.pdf>
Package pdftex.def Info: vsis.pdf used on input line 73.
(pdftex.def)             Requested size: 22.75179pt x 22.75322pt.
File: uhh.pdf Graphic file (type pdf)
 <use uhh.pdf>
Package pdftex.def Info: uhh.pdf used on input line 73.
(pdftex.def)             Requested size: 22.76222pt x 22.76163pt.
 [8

])
\openout2 = `Grundlagen.aux'.

 (./Grundlagen.tex
(./Beispiel.toc)
File: vsis.pdf Graphic file (type pdf)
 <use vsis.pdf>
Package pdftex.def Info: vsis.pdf used on input line 3.
(pdftex.def)             Requested size: 22.75179pt x 22.75322pt.
File: uhh.pdf Graphic file (type pdf)
 <use uhh.pdf>
Package pdftex.def Info: uhh.pdf used on input line 3.
(pdftex.def)             Requested size: 22.76222pt x 22.76163pt.
 [9



]
LaTeX Font Info:    External font `lmex10' loaded for size
(Font)              <10> on input line 21.
LaTeX Font Info:    External font `lmex10' loaded for size
(Font)              <7> on input line 21.
LaTeX Font Info:    External font `lmex10' loaded for size
(Font)              <5> on input line 21.
LaTeX Font Info:    Font shape `T1/lmss/m/it' in size <10> not available
(Font)              Font shape `T1/lmss/m/sl' tried instead on input line 21.
LaTeX Font Info:    Font shape `T1/lmss/m/it' in size <7> not available
(Font)              Font shape `T1/lmss/m/sl' tried instead on input line 21.
LaTeX Font Info:    Font shape `T1/lmss/m/it' in size <5> not available
(Font)              Font shape `T1/lmss/m/sl' tried instead on input line 21.
File: vsis.pdf Graphic file (type pdf)
 <use vsis.pdf>
Package pdftex.def Info: vsis.pdf used on input line 21.
(pdftex.def)             Requested size: 22.75179pt x 22.75322pt.
File: uhh.pdf Graphic file (type pdf)
 <use uhh.pdf>
Package pdftex.def Info: uhh.pdf used on input line 21.
(pdftex.def)             Requested size: 22.76222pt x 22.76163pt.

[10

]
\openout4 = `Beispiel.vrb'.

 (./Beispiel.vrb)
File: vsis.pdf Graphic file (type pdf)
 <use vsis.pdf>
Package pdftex.def Info: vsis.pdf used on input line 63.
(pdftex.def)             Requested size: 22.75179pt x 22.75322pt.
File: uhh.pdf Graphic file (type pdf)
 <use uhh.pdf>
Package pdftex.def Info: uhh.pdf used on input line 63.
(pdftex.def)             Requested size: 22.76222pt x 22.76163pt.
 [11

]
\openout4 = `Beispiel.vrb'.

 (./Beispiel.vrb)
File: vsis.pdf Graphic file (type pdf)

<use vsis.pdf>
Package pdftex.def Info: vsis.pdf used on input line 119.
(pdftex.def)             Requested size: 22.75179pt x 22.75322pt.
File: uhh.pdf Graphic file (type pdf)
 <use uhh.pdf>
Package pdftex.def Info: uhh.pdf used on input line 119.
(pdftex.def)             Requested size: 22.76222pt x 22.76163pt.
 [12

]
\openout4 = `Beispiel.vrb'.

 (./Beispiel.vrb)
File: vsis.pdf Graphic file (type pdf)
 <use vsis.pdf>
Package pdftex.def Info: vsis.pdf used on input line 194.
(pdftex.def)             Requested size: 22.75179pt x 22.75322pt.
File: uhh.pdf Graphic file (type pdf)

<use uhh.pdf>
Package pdftex.def Info: uhh.pdf used on input line 194.
(pdftex.def)             Requested size: 22.76222pt x 22.76163pt.
 [13

]
File: vsis.pdf Graphic file (type pdf)
 <use vsis.pdf>
Package pdftex.def Info: vsis.pdf used on input line 210.
(pdftex.def)             Requested size: 22.75179pt x 22.75322pt.
File: uhh.pdf Graphic file (type pdf)
 <use uhh.pdf>
Package pdftex.def Info: uhh.pdf used on input line 210.
(pdftex.def)             Requested size: 22.76222pt x 22.76163pt.
 [14

] (./Beispiel.toc)
File: vsis.pdf Graphic file (type pdf)

<use vsis.pdf>
Package pdftex.def Info: vsis.pdf used on input line 213.
(pdftex.def)             Requested size: 22.75179pt x 22.75322pt.
File: uhh.pdf Graphic file (type pdf)
 <use uhh.pdf>
Package pdftex.def Info: uhh.pdf used on input line 213.
(pdftex.def)             Requested size: 22.76222pt x 22.76163pt.
 [15

]
File: vsis.pdf Graphic file (type pdf)
 <use vsis.pdf>
Package pdftex.def Info: vsis.pdf used on input line 223.
(pdftex.def)             Requested size: 22.75179pt x 22.75322pt.
File: uhh.pdf Graphic file (type pdf)
 <use uhh.pdf>
Package pdftex.def Info: uhh.pdf used on input line 223.
(pdftex.def)             Requested size: 22.76222pt x 22.76163pt.
 [16

]
File: vsis.pdf Graphic file (type pdf)

<use vsis.pdf>
Package pdftex.def Info: vsis.pdf used on input line 237.
(pdftex.def)             Requested size: 22.75179pt x 22.75322pt.
File: uhh.pdf Graphic file (type pdf)
 <use uhh.pdf>
Package pdftex.def Info: uhh.pdf used on input line 237.
(pdftex.def)             Requested size: 22.76222pt x 22.76163pt.
 [17

]
File: vsis.pdf Graphic file (type pdf)
 <use vsis.pdf>
Package pdftex.def Info: vsis.pdf used on input line 251.
(pdftex.def)             Requested size: 22.75179pt x 22.75322pt.
File: uhh.pdf Graphic file (type pdf)
 <use uhh.pdf>
Package pdftex.def Info: uhh.pdf used on input line 251.
(pdftex.def)             Requested size: 22.76222pt x 22.76163pt.
 [18

]
\openout4 = `Beispiel.vrb'.


(./Beispiel.vrb
Overfull \hbox (6.57582pt too wide) in paragraph at lines 12--73
[][]  
 []

)
LaTeX Font Info:    External font `lmex10' loaded for size
(Font)              <14.4> on input line 327.
LaTeX Font Info:    Font shape `T1/lmss/m/it' in size <14.4> not available
(Font)              Font shape `T1/lmss/m/sl' tried instead on input line 327.
File: vsis.pdf Graphic file (type pdf)
 <use vsis.pdf>
Package pdftex.def Info: vsis.pdf used on input line 327.
(pdftex.def)             Requested size: 22.75179pt x 22.75322pt.
File: uhh.pdf Graphic file (type pdf)
 <use uhh.pdf>
Package pdftex.def Info: uhh.pdf used on input line 327.
(pdftex.def)             Requested size: 22.76222pt x 22.76163pt.
 [19

]
File: vsis.pdf Graphic file (type pdf)
 <use vsis.pdf>
Package pdftex.def Info: vsis.pdf used on input line 339.
(pdftex.def)             Requested size: 22.75179pt x 22.75322pt.
File: uhh.pdf Graphic file (type pdf)
 <use uhh.pdf>
Package pdftex.def Info: uhh.pdf used on input line 339.
(pdftex.def)             Requested size: 22.76222pt x 22.76163pt.
 [20

]
File: vsis.pdf Graphic file (type pdf)

<use vsis.pdf>
Package pdftex.def Info: vsis.pdf used on input line 339.
(pdftex.def)             Requested size: 22.75179pt x 22.75322pt.
File: uhh.pdf Graphic file (type pdf)
 <use uhh.pdf>
Package pdftex.def Info: uhh.pdf used on input line 339.
(pdftex.def)             Requested size: 22.76222pt x 22.76163pt.
 [21

]
Overfull \vbox (5.52248pt too high) detected at line 351
 []

File: vsis.pdf Graphic file (type pdf)
<use vsis.pdf>
Package pdftex.def Info: vsis.pdf used on input line 351.
(pdftex.def)             Requested size: 22.75179pt x 22.75322pt.
File: uhh.pdf Graphic file (type pdf)
 <use uhh.pdf>
Package pdftex.def Info: uhh.pdf used on input line 351.
(pdftex.def)             Requested size: 22.76222pt x 22.76163pt.
 [22

]
File: vsis.pdf Graphic file (type pdf)
 <use vsis.pdf>
Package pdftex.def Info: vsis.pdf used on input line 361.
(pdftex.def)             Requested size: 22.75179pt x 22.75322pt.
File: uhh.pdf Graphic file (type pdf)
 <use uhh.pdf>
Package pdftex.def Info: uhh.pdf used on input line 361.
(pdftex.def)             Requested size: 22.76222pt x 22.76163pt.
 [23

]
(./Beispiel.toc)
File: vsis.pdf Graphic file (type pdf)
 <use vsis.pdf>
Package pdftex.def Info: vsis.pdf used on input line 362.
(pdftex.def)             Requested size: 22.75179pt x 22.75322pt.
File: uhh.pdf Graphic file (type pdf)
 <use uhh.pdf>
Package pdftex.def Info: uhh.pdf used on input line 362.
(pdftex.def)             Requested size: 22.76222pt x 22.76163pt.
 [24

]
File: vsis.pdf Graphic file (type pdf)
 <use vsis.pdf>
Package pdftex.def Info: vsis.pdf used on input line 384.
(pdftex.def)             Requested size: 22.75179pt x 22.75322pt.
File: uhh.pdf Graphic file (type pdf)

<use uhh.pdf>
Package pdftex.def Info: uhh.pdf used on input line 384.
(pdftex.def)             Requested size: 22.76222pt x 22.76163pt.
 [25

]
File: vsis.pdf Graphic file (type pdf)
 <use vsis.pdf>
Package pdftex.def Info: vsis.pdf used on input line 384.
(pdftex.def)             Requested size: 22.75179pt x 22.75322pt.
File: uhh.pdf Graphic file (type pdf)
 <use uhh.pdf>
Package pdftex.def Info: uhh.pdf used on input line 384.
(pdftex.def)             Requested size: 22.76222pt x 22.76163pt.
 [26

]
File: vsis.pdf Graphic file (type pdf)
 <use vsis.pdf>
Package pdftex.def Info: vsis.pdf used on input line 394.
(pdftex.def)             Requested size: 22.75179pt x 22.75322pt.
File: uhh.pdf Graphic file (type pdf)

<use uhh.pdf>
Package pdftex.def Info: uhh.pdf used on input line 394.
(pdftex.def)             Requested size: 22.76222pt x 22.76163pt.
 [27

])
\openout2 = `IMR.aux'.

 (./IMR.tex (./Beispiel.toc)
File: vsis.pdf Graphic file (type pdf)
 <use vsis.pdf>
Package pdftex.def Info: vsis.pdf used on input line 3.
(pdftex.def)             Requested size: 22.75179pt x 22.75322pt.
File: uhh.pdf Graphic file (type pdf)
 <use uhh.pdf>
Package pdftex.def Info: uhh.pdf used on input line 3.
(pdftex.def)             Requested size: 22.76222pt x 22.76163pt.

[28



]
File: vsis.pdf Graphic file (type pdf)
 <use vsis.pdf>
Package pdftex.def Info: vsis.pdf used on input line 18.
(pdftex.def)             Requested size: 22.75179pt x 22.75322pt.
File: uhh.pdf Graphic file (type pdf)
 <use uhh.pdf>
Package pdftex.def Info: uhh.pdf used on input line 18.
(pdftex.def)             Requested size: 22.76222pt x 22.76163pt.
 [29

]
\openout4 = `Beispiel.vrb'.

 (./Beispiel.vrb)
Overfull \vbox (2.99985pt too high) detected at line 37
 []

File: vsis.pdf Graphic file (type pdf)
<use vsis.pdf>
Package pdftex.def Info: vsis.pdf used on input line 37.
(pdftex.def)             Requested size: 22.75179pt x 22.75322pt.
File: uhh.pdf Graphic file (type pdf)
 <use uhh.pdf>
Package pdftex.def Info: uhh.pdf used on input line 37.
(pdftex.def)             Requested size: 22.76222pt x 22.76163pt.
 [30

]
\openout4 = `Beispiel.vrb'.

 (./Beispiel.vrb)
Overfull \vbox (5.50264pt too high) detected at line 56
 []

File: vsis.pdf Graphic file (type pdf)
<use vsis.pdf>
Package pdftex.def Info: vsis.pdf used on input line 56.
(pdftex.def)             Requested size: 22.75179pt x 22.75322pt.
File: uhh.pdf Graphic file (type pdf)
 <use uhh.pdf>
Package pdftex.def Info: uhh.pdf used on input line 56.
(pdftex.def)             Requested size: 22.76222pt x 22.76163pt.
 [31

]
\openout4 = `Beispiel.vrb'.

 (./Beispiel.vrb)
File: vsis.pdf Graphic file (type pdf)
 <use vsis.pdf>
Package pdftex.def Info: vsis.pdf used on input line 116.
(pdftex.def)             Requested size: 22.75179pt x 22.75322pt.
File: uhh.pdf Graphic file (type pdf)

<use uhh.pdf>
Package pdftex.def Info: uhh.pdf used on input line 116.
(pdftex.def)             Requested size: 22.76222pt x 22.76163pt.
 [32

]
\openout4 = `Beispiel.vrb'.

 (./Beispiel.vrb)
Overfull \vbox (12.22214pt too high) detected at line 135
 []

File: vsis.pdf Graphic file (type pdf)
<use vsis.pdf>
Package pdftex.def Info: vsis.pdf used on input line 135.
(pdftex.def)             Requested size: 22.75179pt x 22.75322pt.
File: uhh.pdf Graphic file (type pdf)
 <use uhh.pdf>
Package pdftex.def Info: uhh.pdf used on input line 135.
(pdftex.def)             Requested size: 22.76222pt x 22.76163pt.
 [33

]
\openout4 = `Beispiel.vrb'.

 (./Beispiel.vrb)
File: vsis.pdf Graphic file (type pdf)
 <use vsis.pdf>
Package pdftex.def Info: vsis.pdf used on input line 195.
(pdftex.def)             Requested size: 22.75179pt x 22.75322pt.
File: uhh.pdf Graphic file (type pdf)

<use uhh.pdf>
Package pdftex.def Info: uhh.pdf used on input line 195.
(pdftex.def)             Requested size: 22.76222pt x 22.76163pt.
 [34

]
\openout4 = `Beispiel.vrb'.

 (./Beispiel.vrb)
Overfull \vbox (9.22214pt too high) detected at line 214
 []

File: vsis.pdf Graphic file (type pdf)
<use vsis.pdf>
Package pdftex.def Info: vsis.pdf used on input line 214.
(pdftex.def)             Requested size: 22.75179pt x 22.75322pt.
File: uhh.pdf Graphic file (type pdf)
 <use uhh.pdf>
Package pdftex.def Info: uhh.pdf used on input line 214.
(pdftex.def)             Requested size: 22.76222pt x 22.76163pt.
 [35

]
\openout4 = `Beispiel.vrb'.

 (./Beispiel.vrb)
File: vsis.pdf Graphic file (type pdf)
 <use vsis.pdf>
Package pdftex.def Info: vsis.pdf used on input line 279.
(pdftex.def)             Requested size: 22.75179pt x 22.75322pt.
File: uhh.pdf Graphic file (type pdf)

<use uhh.pdf>
Package pdftex.def Info: uhh.pdf used on input line 279.
(pdftex.def)             Requested size: 22.76222pt x 22.76163pt.
 [36

]
\openout4 = `Beispiel.vrb'.

 (./Beispiel.vrb)
Overfull \vbox (9.85269pt too high) detected at line 298
 []

File: vsis.pdf Graphic file (type pdf)
<use vsis.pdf>
Package pdftex.def Info: vsis.pdf used on input line 298.
(pdftex.def)             Requested size: 22.75179pt x 22.75322pt.
File: uhh.pdf Graphic file (type pdf)
 <use uhh.pdf>
Package pdftex.def Info: uhh.pdf used on input line 298.
(pdftex.def)             Requested size: 22.76222pt x 22.76163pt.
 [37

]
File: vsis.pdf Graphic file (type pdf)
 <use vsis.pdf>
Package pdftex.def Info: vsis.pdf used on input line 312.
(pdftex.def)             Requested size: 22.75179pt x 22.75322pt.
File: uhh.pdf Graphic file (type pdf)
 <use uhh.pdf>
Package pdftex.def Info: uhh.pdf used on input line 312.
(pdftex.def)             Requested size: 22.76222pt x 22.76163pt.
 [38

]
(./Beispiel.toc)
File: vsis.pdf Graphic file (type pdf)
 <use vsis.pdf>
Package pdftex.def Info: vsis.pdf used on input line 314.
(pdftex.def)             Requested size: 22.75179pt x 22.75322pt.
File: uhh.pdf Graphic file (type pdf)
 <use uhh.pdf>
Package pdftex.def Info: uhh.pdf used on input line 314.
(pdftex.def)             Requested size: 22.76222pt x 22.76163pt.
 [39

]
File: vsis.pdf Graphic file (type pdf)
 <use vsis.pdf>
Package pdftex.def Info: vsis.pdf used on input line 329.
(pdftex.def)             Requested size: 22.75179pt x 22.75322pt.
File: uhh.pdf Graphic file (type pdf)

<use uhh.pdf>
Package pdftex.def Info: uhh.pdf used on input line 329.
(pdftex.def)             Requested size: 22.76222pt x 22.76163pt.
 [40

]
File: vsis.pdf Graphic file (type pdf)
 <use vsis.pdf>
Package pdftex.def Info: vsis.pdf used on input line 384.
(pdftex.def)             Requested size: 22.75179pt x 22.75322pt.
File: uhh.pdf Graphic file (type pdf)
 <use uhh.pdf>
Package pdftex.def Info: uhh.pdf used on input line 384.
(pdftex.def)             Requested size: 22.76222pt x 22.76163pt.
 [41

] (./Beispiel.toc)
File: vsis.pdf Graphic file (type pdf)

<use vsis.pdf>
Package pdftex.def Info: vsis.pdf used on input line 385.
(pdftex.def)             Requested size: 22.75179pt x 22.75322pt.
File: uhh.pdf Graphic file (type pdf)
 <use uhh.pdf>
Package pdftex.def Info: uhh.pdf used on input line 385.
(pdftex.def)             Requested size: 22.76222pt x 22.76163pt.
 [42

]
File: vsis.pdf Graphic file (type pdf)
 <use vsis.pdf>
Package pdftex.def Info: vsis.pdf used on input line 396.
(pdftex.def)             Requested size: 22.75179pt x 22.75322pt.
File: uhh.pdf Graphic file (type pdf)
 <use uhh.pdf>
Package pdftex.def Info: uhh.pdf used on input line 396.
(pdftex.def)             Requested size: 22.76222pt x 22.76163pt.
 [43

]
File: vsis.pdf Graphic file (type pdf)

<use vsis.pdf>
Package pdftex.def Info: vsis.pdf used on input line 408.
(pdftex.def)             Requested size: 22.75179pt x 22.75322pt.
File: uhh.pdf Graphic file (type pdf)
 <use uhh.pdf>
Package pdftex.def Info: uhh.pdf used on input line 408.
(pdftex.def)             Requested size: 22.76222pt x 22.76163pt.
 [44

]
File: vsis.pdf Graphic file (type pdf)
 <use vsis.pdf>
Package pdftex.def Info: vsis.pdf used on input line 422.
(pdftex.def)             Requested size: 22.75179pt x 22.75322pt.
File: uhh.pdf Graphic file (type pdf)
 <use uhh.pdf>
Package pdftex.def Info: uhh.pdf used on input line 422.
(pdftex.def)             Requested size: 22.76222pt x 22.76163pt.
 [45

]
File: vsis.pdf Graphic file (type pdf)

<use vsis.pdf>
Package pdftex.def Info: vsis.pdf used on input line 436.
(pdftex.def)             Requested size: 22.75179pt x 22.75322pt.
File: uhh.pdf Graphic file (type pdf)
 <use uhh.pdf>
Package pdftex.def Info: uhh.pdf used on input line 436.
(pdftex.def)             Requested size: 22.76222pt x 22.76163pt.
 [46

]
\openout4 = `Beispiel.vrb'.

 (./Beispiel.vrb)
File: vsis.pdf Graphic file (type pdf)
 <use vsis.pdf>
Package pdftex.def Info: vsis.pdf used on input line 453.
(pdftex.def)             Requested size: 22.75179pt x 22.75322pt.
File: uhh.pdf Graphic file (type pdf)

<use uhh.pdf>
Package pdftex.def Info: uhh.pdf used on input line 453.
(pdftex.def)             Requested size: 22.76222pt x 22.76163pt.
 [47

])
\openout2 = `Evaluierung.aux'.

 (./Evaluierung.tex (./Beispiel.toc)
Overfull \vbox (8.00154pt too high) detected at line 2
 []

File: vsis.pdf Graphic file (type pdf)
<use vsis.pdf>
Package pdftex.def Info: vsis.pdf used on input line 2.
(pdftex.def)             Requested size: 22.75179pt x 22.75322pt.
File: uhh.pdf Graphic file (type pdf)
 <use uhh.pdf>
Package pdftex.def Info: uhh.pdf used on input line 2.
(pdftex.def)             Requested size: 22.76222pt x 22.76163pt.
 [48



]
File: GPS_Motivation_Example.png Graphic file (type png)
 <use GPS_Motivation_Example.png>
Package pdftex.def Info: GPS_Motivation_Example.png used on input line 12.
(pdftex.def)             Requested size: 335.74263pt x 100.55313pt.
File: vsis.pdf Graphic file (type pdf)

<use vsis.pdf>
Package pdftex.def Info: vsis.pdf used on input line 12.
(pdftex.def)             Requested size: 22.75179pt x 22.75322pt.
File: uhh.pdf Graphic file (type pdf)
 <use uhh.pdf>
Package pdftex.def Info: uhh.pdf used on input line 12.
(pdftex.def)             Requested size: 22.76222pt x 22.76163pt.
 [49

] (./Beispiel.toc)
Overfull \vbox (8.00154pt too high) detected at line 14
 []

File: vsis.pdf Graphic file (type pdf)
<use vsis.pdf>
Package pdftex.def Info: vsis.pdf used on input line 14.
(pdftex.def)             Requested size: 22.75179pt x 22.75322pt.
File: uhh.pdf Graphic file (type pdf)
 <use uhh.pdf>
Package pdftex.def Info: uhh.pdf used on input line 14.
(pdftex.def)             Requested size: 22.76222pt x 22.76163pt.
 [50

]
<../plots/varying_order_p.png, id=3763, 1240.635pt x 545.03625pt>
File: ../plots/varying_order_p.png Graphic file (type png)

<use ../plots/varying_order_p.png>
Package pdftex.def Info: ../plots/varying_order_p.png used on input line 23.
(pdftex.def)             Requested size: 335.74263pt x 147.49442pt.
File: vsis.pdf Graphic file (type pdf)
 <use vsis.pdf>
Package pdftex.def Info: vsis.pdf used on input line 23.
(pdftex.def)             Requested size: 22.75179pt x 22.75322pt.
File: uhh.pdf Graphic file (type pdf)
 <use uhh.pdf>
Package pdftex.def Info: uhh.pdf used on input line 23.
(pdftex.def)             Requested size: 22.76222pt x 22.76163pt.
 [51

 <../plots/varying_order_p.png>] (./Beispiel.toc)
Overfull \vbox (8.00154pt too high) detected at line 25
 []

File: vsis.pdf Graphic file (type pdf)
<use vsis.pdf>
Package pdftex.def Info: vsis.pdf used on input line 25.
(pdftex.def)             Requested size: 22.75179pt x 22.75322pt.
File: uhh.pdf Graphic file (type pdf)
 <use uhh.pdf>
Package pdftex.def Info: uhh.pdf used on input line 25.
(pdftex.def)             Requested size: 22.76222pt x 22.76163pt.
 [52

]
<../plots/varying_threshold.png, id=3914, 1228.59pt x 553.06625pt>
File: ../plots/varying_threshold.png Graphic file (type png)

<use ../plots/varying_threshold.png>
Package pdftex.def Info: ../plots/varying_threshold.png used on input line 34.
(pdftex.def)             Requested size: 335.74263pt x 151.13585pt.
File: vsis.pdf Graphic file (type pdf)
 <use vsis.pdf>
Package pdftex.def Info: vsis.pdf used on input line 34.
(pdftex.def)             Requested size: 22.75179pt x 22.75322pt.
File: uhh.pdf Graphic file (type pdf)
 <use uhh.pdf>
Package pdftex.def Info: uhh.pdf used on input line 34.
(pdftex.def)             Requested size: 22.76222pt x 22.76163pt.
 [53

 <../plots/varying_threshold.png>] (./Beispiel.toc)
Overfull \vbox (8.00154pt too high) detected at line 36
 []

File: vsis.pdf Graphic file (type pdf)
<use vsis.pdf>
Package pdftex.def Info: vsis.pdf used on input line 36.
(pdftex.def)             Requested size: 22.75179pt x 22.75322pt.
File: uhh.pdf Graphic file (type pdf)
 <use uhh.pdf>
Package pdftex.def Info: uhh.pdf used on input line 36.
(pdftex.def)             Requested size: 22.76222pt x 22.76163pt.
 [54

]
<../plots/varying_maximum_number.png, id=4066, 1310.8975pt x 532.99126pt>
File: ../plots/varying_maximum_number.png Graphic file (type png)

<use ../plots/varying_maximum_number.png>
Package pdftex.def Info: ../plots/varying_maximum_number.png used on input line
 45.
(pdftex.def)             Requested size: 335.74263pt x 136.50873pt.
File: vsis.pdf Graphic file (type pdf)
 <use vsis.pdf>
Package pdftex.def Info: vsis.pdf used on input line 45.
(pdftex.def)             Requested size: 22.75179pt x 22.75322pt.
File: uhh.pdf Graphic file (type pdf)
 <use uhh.pdf>
Package pdftex.def Info: uhh.pdf used on input line 45.
(pdftex.def)             Requested size: 22.76222pt x 22.76163pt.
 [55

 <../plots/varying_maximum_number.png>] (./Beispiel.toc)
Overfull \vbox (8.00154pt too high) detected at line 47
 []

File: vsis.pdf Graphic file (type pdf)
<use vsis.pdf>
Package pdftex.def Info: vsis.pdf used on input line 47.
(pdftex.def)             Requested size: 22.75179pt x 22.75322pt.
File: uhh.pdf Graphic file (type pdf)
 <use uhh.pdf>
Package pdftex.def Info: uhh.pdf used on input line 47.
(pdftex.def)             Requested size: 22.76222pt x 22.76163pt.
 [56

]
<../plots/varying_labeling_rate.png, id=4218, 1268.74pt x 566.115pt>
File: ../plots/varying_labeling_rate.png Graphic file (type png)

<use ../plots/varying_labeling_rate.png>
Package pdftex.def Info: ../plots/varying_labeling_rate.png used on input line 
56.
(pdftex.def)             Requested size: 335.74263pt x 149.8038pt.
File: vsis.pdf Graphic file (type pdf)
 <use vsis.pdf>
Package pdftex.def Info: vsis.pdf used on input line 56.
(pdftex.def)             Requested size: 22.75179pt x 22.75322pt.
File: uhh.pdf Graphic file (type pdf)
 <use uhh.pdf>
Package pdftex.def Info: uhh.pdf used on input line 56.
(pdftex.def)             Requested size: 22.76222pt x 22.76163pt.
 [57

 <../plots/varying_labeling_rate.png>])
\openout2 = `Schluss.aux'.

 (./Schluss.tex (./Beispiel.toc)
File: vsis.pdf Graphic file (type pdf)

<use vsis.pdf>
Package pdftex.def Info: vsis.pdf used on input line 3.
(pdftex.def)             Requested size: 22.75179pt x 22.75322pt.
File: uhh.pdf Graphic file (type pdf)
 <use uhh.pdf>
Package pdftex.def Info: uhh.pdf used on input line 3.
(pdftex.def)             Requested size: 22.76222pt x 22.76163pt.
 [58



]
File: vsis.pdf Graphic file (type pdf)
 <use vsis.pdf>
Package pdftex.def Info: vsis.pdf used on input line 20.
(pdftex.def)             Requested size: 22.75179pt x 22.75322pt.
File: uhh.pdf Graphic file (type pdf)
 <use uhh.pdf>
Package pdftex.def Info: uhh.pdf used on input line 20.
(pdftex.def)             Requested size: 22.76222pt x 22.76163pt.
 [59

]
File: vsis.pdf Graphic file (type pdf)

<use vsis.pdf>
Package pdftex.def Info: vsis.pdf used on input line 20.
(pdftex.def)             Requested size: 22.75179pt x 22.75322pt.
File: uhh.pdf Graphic file (type pdf)
 <use uhh.pdf>
Package pdftex.def Info: uhh.pdf used on input line 20.
(pdftex.def)             Requested size: 22.76222pt x 22.76163pt.
 [60

]
File: vsis.pdf Graphic file (type pdf)
 <use vsis.pdf>
Package pdftex.def Info: vsis.pdf used on input line 25.
(pdftex.def)             Requested size: 22.75179pt x 22.75322pt.
File: uhh.pdf Graphic file (type pdf)
 <use uhh.pdf>
Package pdftex.def Info: uhh.pdf used on input line 25.
(pdftex.def)             Requested size: 22.76222pt x 22.76163pt.
 [61

]
(./Beispiel.toc)
File: vsis.pdf Graphic file (type pdf)
 <use vsis.pdf>
Package pdftex.def Info: vsis.pdf used on input line 30.
(pdftex.def)             Requested size: 22.75179pt x 22.75322pt.
File: uhh.pdf Graphic file (type pdf)
 <use uhh.pdf>
Package pdftex.def Info: uhh.pdf used on input line 30.
(pdftex.def)             Requested size: 22.76222pt x 22.76163pt.
 [62

] (./Beispiel.bbl)
File: vsis.pdf Graphic file (type pdf)

<use vsis.pdf>
Package pdftex.def Info: vsis.pdf used on input line 39.
(pdftex.def)             Requested size: 22.75179pt x 22.75322pt.
File: uhh.pdf Graphic file (type pdf)
 <use uhh.pdf>
Package pdftex.def Info: uhh.pdf used on input line 39.
(pdftex.def)             Requested size: 22.76222pt x 22.76163pt.
 [63

 </usr/share/texlive/texmf-dist/tex/latex/beamer/art/beamericonbook.pdf>])
\tf@nav=\write6
\openout6 = `Beispiel.nav'.

\tf@toc=\write7
\openout7 = `Beispiel.toc'.

\tf@snm=\write8
\openout8 = `Beispiel.snm'.

Package atveryend Info: Empty hook `BeforeClearDocument' on input line 97.
Package atveryend Info: Empty hook `AfterLastShipout' on input line 97.
 (./Beispiel.aux (./Einleitung.aux)
(./Grundlagen.aux) (./IMR.aux) (./Evaluierung.aux) (./Schluss.aux))
Package atveryend Info: Executing hook `AtVeryEndDocument' on input line 97.
Package atveryend Info: Executing hook `AtEndAfterFileList' on input line 97.
Package rerunfilecheck Info: File `Beispiel.out' has not changed.
(rerunfilecheck)             Checksum: DA65610B33ACF0E67A784A15F5B560C8;1294.
Package atveryend Info: Empty hook `AtVeryVeryEnd' on input line 97.
 ) 
Here is how much of TeX's memory you used:
 33763 strings out of 493064
 818435 string characters out of 6138159
 1068148 words of memory out of 5000000
 36327 multiletter control sequences out of 15000+600000
 84718 words of font info for 72 fonts, out of 8000000 for 9000
 1137 hyphenation exceptions out of 8191
 72i,24n,112p,738b,2430s stack positions out of 5000i,500n,10000p,200000b,80000s
{/usr/share/texlive/texmf-dist/fonts/enc/dvips/lm/lm-ec.enc}{/usr/share/texli
ve/texmf-dist/fonts/enc/dvips/lm/lm-rm.enc}{/usr/share/texlive/texmf-dist/fonts
/enc/dvips/lm/lm-mathsy.enc}{/usr/share/texlive/texmf-dist/fonts/enc/dvips/lm/l
m-mathex.enc}{/usr/share/texlive/texmf-dist/fonts/enc/dvips/lm/lm-mathit.enc}</
usr/share/texlive/texmf-dist/fonts/type1/public/lm/lmex10.pfb></usr/share/texli
ve/texmf-dist/fonts/type1/public/lm/lmmi10.pfb></usr/share/texlive/texmf-dist/f
onts/type1/public/lm/lmss10.pfb></usr/share/texlive/texmf-dist/fonts/type1/publ
ic/lm/lmss12.pfb></usr/share/texlive/texmf-dist/fonts/type1/public/lm/lmss17.pf
b></usr/share/texlive/texmf-dist/fonts/type1/public/lm/lmss8.pfb></usr/share/te
xlive/texmf-dist/fonts/type1/public/lm/lmss9.pfb></usr/share/texlive/texmf-dist
/fonts/type1/public/lm/lmssbx10.pfb></usr/share/texlive/texmf-dist/fonts/type1/
public/lm/lmsso10.pfb></usr/share/texlive/texmf-dist/fonts/type1/public/lm/lmss
o12.pfb></usr/share/texlive/texmf-dist/fonts/type1/public/lm/lmsso8.pfb></usr/s
hare/texlive/texmf-dist/fonts/type1/public/lm/lmsy10.pfb></usr/share/texlive/te
xmf-dist/fonts/type1/public/lm/lmsy8.pfb>
Output written on Beispiel.pdf (63 pages, 3256338 bytes).
PDF statistics:
 4816 PDF objects out of 5155 (max. 8388607)
 4592 compressed objects within 46 object streams
 153 named destinations out of 1000 (max. 500000)
 327 words of extra memory for PDF output out of 10000 (max. 10000000)

